#
# There is insufficient memory for the Java Runtime Environment to continue.
# Native memory allocation (mmap) failed to map 62914560 bytes for G1 virtual space
# Possible reasons:
#   The system is out of physical RAM or swap space
#   The process is running with CompressedOops enabled, and the Java Heap may be blocking the growth of the native heap
# Possible solutions:
#   Reduce memory load on the system
#   Increase physical memory or swap space
#   Check if swap backing store is full
#   Decrease Java heap size (-Xmx/-Xms)
#   Decrease number of Java threads
#   Decrease Java thread stack sizes (-Xss)
#   Set larger code cache with -XX:ReservedCodeCacheSize=
#   JVM is running with Unscaled Compressed Oops mode in which the Java heap is
#     placed in the first 4GB address space. The Java Heap base address is the
#     maximum limit for the native heap growth. Please use -XX:HeapBaseMinAddress
#     to set the Java Heap base and to place the Java Heap above 4GB virtual address.
# This output file may be truncated or incomplete.
#
#  Out of Memory Error (os_windows.cpp:3557), pid=4756, tid=8964
#
# JRE version: OpenJDK Runtime Environment Temurin-17.0.6+10 (17.0.6+10) (build 17.0.6+10)
# Java VM: OpenJDK 64-Bit Server VM Temurin-17.0.6+10 (17.0.6+10, mixed mode, emulated-client, tiered, compressed oops, compressed class ptrs, g1 gc, windows-amd64)
# No core dump will be written. Minidumps are not enabled by default on client versions of Windows
#

---------------  S U M M A R Y ------------

Command Line: -XX:+HeapDumpOnOutOfMemoryError -Xmx1024m -Dsts.lsp.client=vscode -Dsts.log.file=/dev/null -XX:TieredStopAtLevel=1 -Xlog:jni+resolve=off -Dspring.config.location=file:c:\Users\no name\.vscode\extensions\vmware.vscode-spring-boot-1.45.0\language-server\BOOT-INF\classes\application.properties org.springframework.ide.vscode.boot.app.BootLanguageServerBootApp

Host: Intel(R) Core(TM)2 Duo CPU     E6850  @ 3.00GHz, 2 cores, 3G,  Windows 10 , 64 bit Build 19041 (10.0.19041.2788)
Time: Mon Apr 24 23:05:53 2023 GMT Daylight Time elapsed time: 48.818252 seconds (0d 0h 0m 48s)

---------------  T H R E A D  ---------------

Current thread (0x00000205d31f3160):  VMThread "VM Thread" [stack: 0x00000016ab300000,0x00000016ab400000] [id=8964]

Stack: [0x00000016ab300000,0x00000016ab400000]
Native frames: (J=compiled Java code, j=interpreted, Vv=VM code, C=native code)
V  [jvm.dll+0x67741a]
V  [jvm.dll+0x834434]
V  [jvm.dll+0x835bde]
V  [jvm.dll+0x836243]
V  [jvm.dll+0x2457b5]
V  [jvm.dll+0x674329]
V  [jvm.dll+0x6689da]
V  [jvm.dll+0x30489b]
V  [jvm.dll+0x30bd96]
V  [jvm.dll+0x35b57e]
V  [jvm.dll+0x35b7af]
V  [jvm.dll+0x2db778]
V  [jvm.dll+0x2d9a2c]
V  [jvm.dll+0x2d8ffc]
V  [jvm.dll+0x31cdcb]
V  [jvm.dll+0x83a6eb]
V  [jvm.dll+0x83b424]
V  [jvm.dll+0x83b93c]
V  [jvm.dll+0x83bd14]
V  [jvm.dll+0x83bde0]
V  [jvm.dll+0x7e483a]
V  [jvm.dll+0x6762c5]
C  [ucrtbase.dll+0x21bb2]
C  [KERNEL32.DLL+0x17604]
C  [ntdll.dll+0x526a1]

VM_Operation (0x00000016accfdb80): G1CollectForAllocation, mode: safepoint, requested by thread 0x00000205d47773b0


---------------  P R O C E S S  ---------------

Threads class SMR info:
_java_thread_list=0x00000205d6215660, length=30, elements={
0x00000205d3209750, 0x00000205d320a5c0, 0x00000205d3232a30, 0x00000205d32338a0,
0x00000205d3237270, 0x00000205d3237c20, 0x00000205d32395a0, 0x00000205d32776e0,
0x00000205d3da90f0, 0x00000205d3daaa10, 0x00000205d471c5f0, 0x00000205d46336b0,
0x00000205d5809060, 0x00000205d4557050, 0x00000205c9101b60, 0x00000205d5a39020,
0x00000205d542edb0, 0x00000205d4777880, 0x00000205d4776ee0, 0x00000205d4776540,
0x00000205d4776070, 0x00000205d4776a10, 0x00000205d47773b0, 0x00000205d610d690,
0x00000205d5dfb010, 0x00000205d610db60, 0x00000205d610e9d0, 0x00000205d610eea0,
0x00000205d6109cd0, 0x00000205d610fd10
}

Java Threads: ( => current thread )
  0x00000205d3209750 JavaThread "Reference Handler" daemon [_thread_blocked, id=4944, stack(0x00000016ab400000,0x00000016ab500000)]
  0x00000205d320a5c0 JavaThread "Finalizer" daemon [_thread_blocked, id=1388, stack(0x00000016ab500000,0x00000016ab600000)]
  0x00000205d3232a30 JavaThread "Signal Dispatcher" daemon [_thread_blocked, id=9532, stack(0x00000016ab600000,0x00000016ab700000)]
  0x00000205d32338a0 JavaThread "Attach Listener" daemon [_thread_blocked, id=9900, stack(0x00000016ab700000,0x00000016ab800000)]
  0x00000205d3237270 JavaThread "Service Thread" daemon [_thread_blocked, id=9760, stack(0x00000016ab800000,0x00000016ab900000)]
  0x00000205d3237c20 JavaThread "Monitor Deflation Thread" daemon [_thread_blocked, id=6620, stack(0x00000016ab900000,0x00000016aba00000)]
  0x00000205d32395a0 JavaThread "C1 CompilerThread0" daemon [_thread_blocked, id=3664, stack(0x00000016aba00000,0x00000016abb00000)]
  0x00000205d32776e0 JavaThread "Sweeper thread" daemon [_thread_blocked, id=4500, stack(0x00000016abb00000,0x00000016abc00000)]
  0x00000205d3da90f0 JavaThread "Notification Thread" daemon [_thread_blocked, id=4532, stack(0x00000016abc00000,0x00000016abd00000)]
  0x00000205d3daaa10 JavaThread "Common-Cleaner" daemon [_thread_blocked, id=6396, stack(0x00000016abe00000,0x00000016abf00000)]
  0x00000205d471c5f0 JavaThread "boundedElastic-evictor-1" daemon [_thread_blocked, id=6696, stack(0x00000016ac100000,0x00000016ac200000)]
  0x00000205d46336b0 JavaThread "boundedElastic-evictor-2" daemon [_thread_blocked, id=6872, stack(0x00000016ac200000,0x00000016ac300000)]
  0x00000205d5809060 JavaThread "pool-10-thread-1" [_thread_blocked, id=3452, stack(0x00000016ac300000,0x00000016ac400000)]
  0x00000205d4557050 JavaThread "LanguageServerApp-lifecycle" [_thread_blocked, id=8008, stack(0x00000016ac400000,0x00000016ac500000)]
  0x00000205c9101b60 JavaThread "DestroyJavaVM" [_thread_blocked, id=8724, stack(0x00000016aad00000,0x00000016aae00000)]
  0x00000205d5a39020 JavaThread "pool-11-thread-1" [_thread_in_native, id=1420, stack(0x00000016ac500000,0x00000016ac600000)]
  0x00000205d542edb0 JavaThread "Simple-Language-Server main thread" daemon [_thread_blocked, id=2284, stack(0x00000016ac600000,0x00000016ac700000)]
  0x00000205d4777880 JavaThread "pool-6-thread-1" [_thread_blocked, id=3592, stack(0x00000016ac700000,0x00000016ac800000)]
  0x00000205d4776ee0 JavaThread "Thread-1" [_thread_blocked, id=9220, stack(0x00000016ac800000,0x00000016ac900000)]
  0x00000205d4776540 JavaThread "ClassGraph-worker-0" daemon [_thread_blocked, id=5112, stack(0x00000016ac900000,0x00000016aca00000)]
  0x00000205d4776070 JavaThread "ClassGraph-worker-1" daemon [_thread_blocked, id=9184, stack(0x00000016aca00000,0x00000016acb00000)]
  0x00000205d4776a10 JavaThread "ClassGraph-worker-2" daemon [_thread_blocked, id=6340, stack(0x00000016acb00000,0x00000016acc00000)]
  0x00000205d47773b0 JavaThread "ClassGraph-worker-3" daemon [_thread_blocked, id=8316, stack(0x00000016acc00000,0x00000016acd00000)]
  0x00000205d610d690 JavaThread "parallel-1" daemon [_thread_blocked, id=6324, stack(0x00000016acd00000,0x00000016ace00000)]
  0x00000205d5dfb010 JavaThread "C1 CompilerThread1" daemon [_thread_blocked, id=5208, stack(0x00000016ac000000,0x00000016ac100000)]
  0x00000205d610db60 JavaThread "pool-4-thread-1" [_thread_blocked, id=7088, stack(0x00000016acf00000,0x00000016ad000000)]
  0x00000205d610e9d0 JavaThread "parallel-2" daemon [_thread_blocked, id=5244, stack(0x00000016ad000000,0x00000016ad100000)]
  0x00000205d610eea0 JavaThread "Project-Reconciler-1" daemon [_thread_blocked, id=5780, stack(0x00000016ad100000,0x00000016ad200000)]
  0x00000205d6109cd0 JavaThread "Thread-2" daemon [_thread_blocked, id=6284, stack(0x00000016ad200000,0x00000016ad300000)]
  0x00000205d610fd10 JavaThread "Thread-3" daemon [_thread_blocked, id=1284, stack(0x00000016ad300000,0x00000016ad400000)]

Other Threads:
=>0x00000205d31f3160 VMThread "VM Thread" [stack: 0x00000016ab300000,0x00000016ab400000] [id=8964]
  0x00000205d3da95c0 WatcherThread [stack: 0x00000016abd00000,0x00000016abe00000] [id=7596]
  0x00000205c9141ac0 GCTaskThread "GC Thread#0" [stack: 0x00000016aae00000,0x00000016aaf00000] [id=4404]
  0x00000205d3dcaa00 GCTaskThread "GC Thread#1" [stack: 0x00000016abf00000,0x00000016ac000000] [id=3284]
  0x00000205c914aa00 ConcurrentGCThread "G1 Main Marker" [stack: 0x00000016aaf00000,0x00000016ab000000] [id=6276]
  0x00000205c914b410 ConcurrentGCThread "G1 Conc#0" [stack: 0x00000016ab000000,0x00000016ab100000] [id=816]
  0x00000205c9181000 ConcurrentGCThread "G1 Refine#0" [stack: 0x00000016ab100000,0x00000016ab200000] [id=5412]
  0x00000205d5e948c0 ConcurrentGCThread "G1 Refine#1" [stack: 0x00000016ace00000,0x00000016acf00000] [id=9708]
  0x00000205c9181a20 ConcurrentGCThread "G1 Service" [stack: 0x00000016ab200000,0x00000016ab300000] [id=3484]

Threads with active compile tasks:

VM state: at safepoint (normal execution)

VM Mutex/Monitor currently owned by a thread:  ([mutex/lock_event])
[0x00000205c6fea350] Threads_lock - owner thread: 0x00000205d31f3160
[0x00000205c90ffdb0] Heap_lock - owner thread: 0x00000205d47773b0

Heap address: 0x00000000c0000000, size: 1024 MB, Compressed Oops mode: 32-bit

CDS archive(s) not mapped
Compressed class space mapped at: 0x0000000100000000-0x0000000140000000, reserved size: 1073741824
Narrow klass base: 0x0000000000000000, Narrow klass shift: 3, Narrow klass range: 0x140000000

GC Precious Log:
 CPUs: 2 total, 2 available
 Memory: 3956M
 Large Page Support: Disabled
 NUMA Support: Disabled
 Compressed Oops: Enabled (32-bit)
 Heap Region Size: 1M
 Heap Min Capacity: 8M
 Heap Initial Capacity: 62M
 Heap Max Capacity: 1G
 Pre-touch: Disabled
 Parallel Workers: 2
 Concurrent Workers: 1
 Concurrent Refinement Workers: 2
 Periodic GC: Disabled

Heap:
 garbage-first heap   total 274432K, used 116223K [0x00000000c0000000, 0x0000000100000000)
  region size 1024K, 10 young (10240K), 10 survivors (10240K)
 Metaspace       used 47866K, committed 48320K, reserved 1097728K
  class space    used 6069K, committed 6272K, reserved 1048576K

Heap Regions: E=young(eden), S=young(survivor), O=old, HS=humongous(starts), HC=humongous(continues), CS=collection set, F=free, OA=open archive, CA=closed archive, TAMS=top-at-mark-start (previous, next)
|   0|0x00000000c0000000, 0x00000000c0100000, 0x00000000c0100000|100%| O|  |TAMS 0x00000000c0100000, 0x00000000c0000000| Untracked 
|   1|0x00000000c0100000, 0x00000000c0200000, 0x00000000c0200000|100%| O|  |TAMS 0x00000000c0200000, 0x00000000c0100000| Untracked 
|   2|0x00000000c0200000, 0x00000000c0300000, 0x00000000c0300000|100%| O|  |TAMS 0x00000000c0300000, 0x00000000c0200000| Untracked 
|   3|0x00000000c0300000, 0x00000000c0400000, 0x00000000c0400000|100%| O|  |TAMS 0x00000000c0400000, 0x00000000c0300000| Untracked 
|   4|0x00000000c0400000, 0x00000000c0500000, 0x00000000c0500000|100%| O|  |TAMS 0x00000000c0500000, 0x00000000c0400000| Untracked 
|   5|0x00000000c0500000, 0x00000000c0600000, 0x00000000c0600000|100%| O|  |TAMS 0x00000000c0600000, 0x00000000c0500000| Untracked 
|   6|0x00000000c0600000, 0x00000000c0700000, 0x00000000c0700000|100%| O|  |TAMS 0x00000000c0700000, 0x00000000c0600000| Untracked 
|   7|0x00000000c0700000, 0x00000000c0800000, 0x00000000c0800000|100%| O|  |TAMS 0x00000000c0800000, 0x00000000c0700000| Untracked 
|   8|0x00000000c0800000, 0x00000000c0900000, 0x00000000c0900000|100%| O|  |TAMS 0x00000000c0900000, 0x00000000c0800000| Untracked 
|   9|0x00000000c0900000, 0x00000000c0a00000, 0x00000000c0a00000|100%| O|  |TAMS 0x00000000c0a00000, 0x00000000c0900000| Untracked 
|  10|0x00000000c0a00000, 0x00000000c0b00000, 0x00000000c0b00000|100%| O|  |TAMS 0x00000000c0a00000, 0x00000000c0a00000| Untracked 
|  11|0x00000000c0b00000, 0x00000000c0c00000, 0x00000000c0c00000|100%| O|  |TAMS 0x00000000c0c00000, 0x00000000c0b00000| Untracked 
|  12|0x00000000c0c00000, 0x00000000c0d00000, 0x00000000c0d00000|100%| O|  |TAMS 0x00000000c0d00000, 0x00000000c0c00000| Untracked 
|  13|0x00000000c0d00000, 0x00000000c0e00000, 0x00000000c0e00000|100%| O|  |TAMS 0x00000000c0e00000, 0x00000000c0d00000| Untracked 
|  14|0x00000000c0e00000, 0x00000000c0f00000, 0x00000000c0f00000|100%| O|  |TAMS 0x00000000c0f00000, 0x00000000c0e00000| Untracked 
|  15|0x00000000c0f00000, 0x00000000c1000000, 0x00000000c1000000|100%| O|  |TAMS 0x00000000c1000000, 0x00000000c0f00000| Untracked 
|  16|0x00000000c1000000, 0x00000000c1100000, 0x00000000c1100000|100%| O|  |TAMS 0x00000000c1100000, 0x00000000c1000000| Untracked 
|  17|0x00000000c1100000, 0x00000000c1200000, 0x00000000c1200000|100%| O|  |TAMS 0x00000000c1200000, 0x00000000c1100000| Untracked 
|  18|0x00000000c1200000, 0x00000000c1300000, 0x00000000c1300000|100%| O|  |TAMS 0x00000000c1300000, 0x00000000c1200000| Untracked 
|  19|0x00000000c1300000, 0x00000000c1400000, 0x00000000c1400000|100%| O|  |TAMS 0x00000000c1400000, 0x00000000c1300000| Untracked 
|  20|0x00000000c1400000, 0x00000000c1500000, 0x00000000c1500000|100%| O|  |TAMS 0x00000000c1500000, 0x00000000c1400000| Untracked 
|  21|0x00000000c1500000, 0x00000000c1600000, 0x00000000c1600000|100%| O|  |TAMS 0x00000000c1600000, 0x00000000c1500000| Untracked 
|  22|0x00000000c1600000, 0x00000000c1700000, 0x00000000c1700000|100%| O|  |TAMS 0x00000000c1700000, 0x00000000c1600000| Untracked 
|  23|0x00000000c1700000, 0x00000000c1800000, 0x00000000c1800000|100%| O|  |TAMS 0x00000000c1800000, 0x00000000c1700000| Untracked 
|  24|0x00000000c1800000, 0x00000000c1900000, 0x00000000c1900000|100%| O|  |TAMS 0x00000000c1900000, 0x00000000c1800000| Untracked 
|  25|0x00000000c1900000, 0x00000000c1a00000, 0x00000000c1a00000|100%| O|  |TAMS 0x00000000c1a00000, 0x00000000c1900000| Untracked 
|  26|0x00000000c1a00000, 0x00000000c1b00000, 0x00000000c1b00000|100%| O|  |TAMS 0x00000000c1b00000, 0x00000000c1a00000| Untracked 
|  27|0x00000000c1b00000, 0x00000000c1c00000, 0x00000000c1c00000|100%| O|  |TAMS 0x00000000c1c00000, 0x00000000c1b00000| Untracked 
|  28|0x00000000c1c00000, 0x00000000c1d00000, 0x00000000c1d00000|100%| O|  |TAMS 0x00000000c1d00000, 0x00000000c1c00000| Untracked 
|  29|0x00000000c1d00000, 0x00000000c1e00000, 0x00000000c1e00000|100%| O|  |TAMS 0x00000000c1e00000, 0x00000000c1d00000| Untracked 
|  30|0x00000000c1e00000, 0x00000000c1f00000, 0x00000000c1f00000|100%| O|  |TAMS 0x00000000c1f00000, 0x00000000c1e00000| Untracked 
|  31|0x00000000c1f00000, 0x00000000c2000000, 0x00000000c2000000|100%| O|  |TAMS 0x00000000c1f5e800, 0x00000000c1f00000| Untracked 
|  32|0x00000000c2000000, 0x00000000c2100000, 0x00000000c2100000|100%| O|  |TAMS 0x00000000c2000000, 0x00000000c2000000| Untracked 
|  33|0x00000000c2100000, 0x00000000c2200000, 0x00000000c2200000|100%| O|  |TAMS 0x00000000c2100000, 0x00000000c2100000| Untracked 
|  34|0x00000000c2200000, 0x00000000c2300000, 0x00000000c2300000|100%| O|  |TAMS 0x00000000c2200000, 0x00000000c2200000| Untracked 
|  35|0x00000000c2300000, 0x00000000c2400000, 0x00000000c2400000|100%|HS|  |TAMS 0x00000000c2300000, 0x00000000c2300000| Complete 
|  36|0x00000000c2400000, 0x00000000c2500000, 0x00000000c2500000|100%|HS|  |TAMS 0x00000000c2400000, 0x00000000c2400000| Complete 
|  37|0x00000000c2500000, 0x00000000c2600000, 0x00000000c2600000|100%| O|  |TAMS 0x00000000c2500000, 0x00000000c2500000| Untracked 
|  38|0x00000000c2600000, 0x00000000c2700000, 0x00000000c2700000|100%| O|  |TAMS 0x00000000c2600000, 0x00000000c2600000| Untracked 
|  39|0x00000000c2700000, 0x00000000c2800000, 0x00000000c2800000|100%| O|  |TAMS 0x00000000c2700000, 0x00000000c2700000| Untracked 
|  40|0x00000000c2800000, 0x00000000c2900000, 0x00000000c2900000|100%| O|  |TAMS 0x00000000c2800000, 0x00000000c2800000| Untracked 
|  41|0x00000000c2900000, 0x00000000c2a00000, 0x00000000c2a00000|100%| O|  |TAMS 0x00000000c2900000, 0x00000000c2900000| Untracked 
|  42|0x00000000c2a00000, 0x00000000c2b00000, 0x00000000c2b00000|100%| O|  |TAMS 0x00000000c2a00000, 0x00000000c2a00000| Untracked 
|  43|0x00000000c2b00000, 0x00000000c2c00000, 0x00000000c2c00000|100%| O|  |TAMS 0x00000000c2b00000, 0x00000000c2b00000| Untracked 
|  44|0x00000000c2c00000, 0x00000000c2d00000, 0x00000000c2d00000|100%| O|  |TAMS 0x00000000c2c00000, 0x00000000c2c00000| Untracked 
|  45|0x00000000c2d00000, 0x00000000c2e00000, 0x00000000c2e00000|100%| O|  |TAMS 0x00000000c2d00000, 0x00000000c2d00000| Untracked 
|  46|0x00000000c2e00000, 0x00000000c2f00000, 0x00000000c2f00000|100%| O|  |TAMS 0x00000000c2e00000, 0x00000000c2e00000| Untracked 
|  47|0x00000000c2f00000, 0x00000000c3000000, 0x00000000c3000000|100%| O|  |TAMS 0x00000000c2f00000, 0x00000000c2f00000| Untracked 
|  48|0x00000000c3000000, 0x00000000c3100000, 0x00000000c3100000|100%| O|  |TAMS 0x00000000c3000000, 0x00000000c3000000| Untracked 
|  49|0x00000000c3100000, 0x00000000c3200000, 0x00000000c3200000|100%| O|  |TAMS 0x00000000c3100000, 0x00000000c3100000| Untracked 
|  50|0x00000000c3200000, 0x00000000c3300000, 0x00000000c3300000|100%| O|  |TAMS 0x00000000c3200000, 0x00000000c3200000| Untracked 
|  51|0x00000000c3300000, 0x00000000c3400000, 0x00000000c3400000|100%| O|  |TAMS 0x00000000c3300000, 0x00000000c3300000| Untracked 
|  52|0x00000000c3400000, 0x00000000c3500000, 0x00000000c3500000|100%| O|  |TAMS 0x00000000c3400000, 0x00000000c3400000| Untracked 
|  53|0x00000000c3500000, 0x00000000c3600000, 0x00000000c3600000|100%| O|  |TAMS 0x00000000c3500000, 0x00000000c3500000| Untracked 
|  54|0x00000000c3600000, 0x00000000c3700000, 0x00000000c3700000|100%| O|  |TAMS 0x00000000c3600000, 0x00000000c3600000| Untracked 
|  55|0x00000000c3700000, 0x00000000c3800000, 0x00000000c3800000|100%| O|  |TAMS 0x00000000c3700000, 0x00000000c3700000| Untracked 
|  56|0x00000000c3800000, 0x00000000c3900000, 0x00000000c3900000|100%| O|  |TAMS 0x00000000c3800000, 0x00000000c3800000| Untracked 
|  57|0x00000000c3900000, 0x00000000c3a00000, 0x00000000c3a00000|100%| O|  |TAMS 0x00000000c3900000, 0x00000000c3900000| Untracked 
|  58|0x00000000c3a00000, 0x00000000c3b00000, 0x00000000c3b00000|100%| O|  |TAMS 0x00000000c3a00000, 0x00000000c3a00000| Untracked 
|  59|0x00000000c3b00000, 0x00000000c3c00000, 0x00000000c3c00000|100%| O|  |TAMS 0x00000000c3b00000, 0x00000000c3b00000| Untracked 
|  60|0x00000000c3c00000, 0x00000000c3d00000, 0x00000000c3d00000|100%| O|  |TAMS 0x00000000c3c00000, 0x00000000c3c00000| Untracked 
|  61|0x00000000c3d00000, 0x00000000c3e00000, 0x00000000c3e00000|100%| O|  |TAMS 0x00000000c3d00000, 0x00000000c3d00000| Untracked 
|  62|0x00000000c3e00000, 0x00000000c3f00000, 0x00000000c3f00000|100%| O|  |TAMS 0x00000000c3e00000, 0x00000000c3e00000| Untracked 
|  63|0x00000000c3f00000, 0x00000000c4000000, 0x00000000c4000000|100%| O|  |TAMS 0x00000000c3f00000, 0x00000000c3f00000| Untracked 
|  64|0x00000000c4000000, 0x00000000c4100000, 0x00000000c4100000|100%| O|  |TAMS 0x00000000c4000000, 0x00000000c4000000| Untracked 
|  65|0x00000000c4100000, 0x00000000c4200000, 0x00000000c4200000|100%| O|  |TAMS 0x00000000c4100000, 0x00000000c4100000| Untracked 
|  66|0x00000000c4200000, 0x00000000c4300000, 0x00000000c4300000|100%| O|  |TAMS 0x00000000c4200000, 0x00000000c4200000| Untracked 
|  67|0x00000000c4300000, 0x00000000c4400000, 0x00000000c4400000|100%| O|  |TAMS 0x00000000c4300000, 0x00000000c4300000| Untracked 
|  68|0x00000000c4400000, 0x00000000c4500000, 0x00000000c4500000|100%| O|  |TAMS 0x00000000c4400000, 0x00000000c4400000| Untracked 
|  69|0x00000000c4500000, 0x00000000c4600000, 0x00000000c4600000|100%| O|  |TAMS 0x00000000c4500000, 0x00000000c4500000| Untracked 
|  70|0x00000000c4600000, 0x00000000c4700000, 0x00000000c4700000|100%| O|  |TAMS 0x00000000c4600000, 0x00000000c4600000| Untracked 
|  71|0x00000000c4700000, 0x00000000c4800000, 0x00000000c4800000|100%| O|  |TAMS 0x00000000c4700000, 0x00000000c4700000| Untracked 
|  72|0x00000000c4800000, 0x00000000c4900000, 0x00000000c4900000|100%| O|  |TAMS 0x00000000c4800000, 0x00000000c4800000| Untracked 
|  73|0x00000000c4900000, 0x00000000c4a00000, 0x00000000c4a00000|100%| O|  |TAMS 0x00000000c4900000, 0x00000000c4900000| Untracked 
|  74|0x00000000c4a00000, 0x00000000c4b00000, 0x00000000c4b00000|100%| O|  |TAMS 0x00000000c4a00000, 0x00000000c4a00000| Untracked 
|  75|0x00000000c4b00000, 0x00000000c4c00000, 0x00000000c4c00000|100%| O|  |TAMS 0x00000000c4b00000, 0x00000000c4b00000| Untracked 
|  76|0x00000000c4c00000, 0x00000000c4d00000, 0x00000000c4d00000|100%| O|  |TAMS 0x00000000c4c00000, 0x00000000c4c00000| Untracked 
|  77|0x00000000c4d00000, 0x00000000c4e00000, 0x00000000c4e00000|100%| O|  |TAMS 0x00000000c4d00000, 0x00000000c4d00000| Untracked 
|  78|0x00000000c4e00000, 0x00000000c4f00000, 0x00000000c4f00000|100%| O|  |TAMS 0x00000000c4e00000, 0x00000000c4e00000| Untracked 
|  79|0x00000000c4f00000, 0x00000000c5000000, 0x00000000c5000000|100%| O|  |TAMS 0x00000000c4f00000, 0x00000000c4f00000| Untracked 
|  80|0x00000000c5000000, 0x00000000c5100000, 0x00000000c5100000|100%| O|  |TAMS 0x00000000c5000000, 0x00000000c5000000| Untracked 
|  81|0x00000000c5100000, 0x00000000c5200000, 0x00000000c5200000|100%| O|  |TAMS 0x00000000c5100000, 0x00000000c5100000| Untracked 
|  82|0x00000000c5200000, 0x00000000c5300000, 0x00000000c5300000|100%| O|  |TAMS 0x00000000c5200000, 0x00000000c5200000| Untracked 
|  83|0x00000000c5300000, 0x00000000c5400000, 0x00000000c5400000|100%| O|  |TAMS 0x00000000c5300000, 0x00000000c5300000| Untracked 
|  84|0x00000000c5400000, 0x00000000c5500000, 0x00000000c5500000|100%| O|  |TAMS 0x00000000c5400000, 0x00000000c5400000| Untracked 
|  85|0x00000000c5500000, 0x00000000c5600000, 0x00000000c5600000|100%| O|  |TAMS 0x00000000c5500000, 0x00000000c5500000| Untracked 
|  86|0x00000000c5600000, 0x00000000c5700000, 0x00000000c5700000|100%| O|  |TAMS 0x00000000c5600000, 0x00000000c5600000| Untracked 
|  87|0x00000000c5700000, 0x00000000c5800000, 0x00000000c5800000|100%| O|  |TAMS 0x00000000c5700000, 0x00000000c5700000| Untracked 
|  88|0x00000000c5800000, 0x00000000c5900000, 0x00000000c5900000|100%| O|  |TAMS 0x00000000c5800000, 0x00000000c5800000| Untracked 
|  89|0x00000000c5900000, 0x00000000c5a00000, 0x00000000c5a00000|100%| O|  |TAMS 0x00000000c5900000, 0x00000000c5900000| Untracked 
|  90|0x00000000c5a00000, 0x00000000c5b00000, 0x00000000c5b00000|100%| O|  |TAMS 0x00000000c5a00000, 0x00000000c5a00000| Untracked 
|  91|0x00000000c5b00000, 0x00000000c5c00000, 0x00000000c5c00000|100%| O|  |TAMS 0x00000000c5b00000, 0x00000000c5b00000| Untracked 
|  92|0x00000000c5c00000, 0x00000000c5d00000, 0x00000000c5d00000|100%| O|  |TAMS 0x00000000c5c00000, 0x00000000c5c00000| Untracked 
|  93|0x00000000c5d00000, 0x00000000c5e00000, 0x00000000c5e00000|100%| O|  |TAMS 0x00000000c5d00000, 0x00000000c5d00000| Untracked 
|  94|0x00000000c5e00000, 0x00000000c5f00000, 0x00000000c5f00000|100%| O|  |TAMS 0x00000000c5e00000, 0x00000000c5e00000| Untracked 
|  95|0x00000000c5f00000, 0x00000000c6000000, 0x00000000c6000000|100%| O|  |TAMS 0x00000000c5f00000, 0x00000000c5f00000| Untracked 
|  96|0x00000000c6000000, 0x00000000c6100000, 0x00000000c6100000|100%| O|  |TAMS 0x00000000c6000000, 0x00000000c6000000| Untracked 
|  97|0x00000000c6100000, 0x00000000c6200000, 0x00000000c6200000|100%| O|  |TAMS 0x00000000c6100000, 0x00000000c6100000| Untracked 
|  98|0x00000000c6200000, 0x00000000c6300000, 0x00000000c6300000|100%| O|  |TAMS 0x00000000c6200000, 0x00000000c6200000| Untracked 
|  99|0x00000000c6300000, 0x00000000c6400000, 0x00000000c6400000|100%| O|  |TAMS 0x00000000c6300000, 0x00000000c6300000| Untracked 
| 100|0x00000000c6400000, 0x00000000c6500000, 0x00000000c6500000|100%| O|  |TAMS 0x00000000c6400000, 0x00000000c6400000| Untracked 
| 101|0x00000000c6500000, 0x00000000c6600000, 0x00000000c6600000|100%| O|  |TAMS 0x00000000c6500000, 0x00000000c6500000| Untracked 
| 102|0x00000000c6600000, 0x00000000c6700000, 0x00000000c6700000|100%| O|  |TAMS 0x00000000c6600000, 0x00000000c6600000| Untracked 
| 103|0x00000000c6700000, 0x00000000c677fc00, 0x00000000c6800000| 49%| O|  |TAMS 0x00000000c6700000, 0x00000000c6700000| Untracked 
| 104|0x00000000c6800000, 0x00000000c6800000, 0x00000000c6900000|  0%| F|  |TAMS 0x00000000c6800000, 0x00000000c6800000| Untracked 
| 105|0x00000000c6900000, 0x00000000c6900000, 0x00000000c6a00000|  0%| F|  |TAMS 0x00000000c6900000, 0x00000000c6900000| Untracked 
| 106|0x00000000c6a00000, 0x00000000c6a00000, 0x00000000c6b00000|  0%| F|  |TAMS 0x00000000c6a00000, 0x00000000c6a00000| Untracked 
| 107|0x00000000c6b00000, 0x00000000c6b00000, 0x00000000c6c00000|  0%| F|  |TAMS 0x00000000c6b00000, 0x00000000c6b00000| Untracked 
| 108|0x00000000c6c00000, 0x00000000c6c00000, 0x00000000c6d00000|  0%| F|  |TAMS 0x00000000c6c00000, 0x00000000c6c00000| Untracked 
| 109|0x00000000c6d00000, 0x00000000c6d00000, 0x00000000c6e00000|  0%| F|  |TAMS 0x00000000c6d00000, 0x00000000c6d00000| Untracked 
| 110|0x00000000c6e00000, 0x00000000c6e00000, 0x00000000c6f00000|  0%| F|  |TAMS 0x00000000c6e00000, 0x00000000c6e00000| Untracked 
| 111|0x00000000c6f00000, 0x00000000c6f00000, 0x00000000c7000000|  0%| F|  |TAMS 0x00000000c6f00000, 0x00000000c6f00000| Untracked 
| 112|0x00000000c7000000, 0x00000000c7000000, 0x00000000c7100000|  0%| F|  |TAMS 0x00000000c7000000, 0x00000000c7000000| Untracked 
| 113|0x00000000c7100000, 0x00000000c7100000, 0x00000000c7200000|  0%| F|  |TAMS 0x00000000c7100000, 0x00000000c7100000| Untracked 
| 114|0x00000000c7200000, 0x00000000c7200000, 0x00000000c7300000|  0%| F|  |TAMS 0x00000000c7200000, 0x00000000c7200000| Untracked 
| 115|0x00000000c7300000, 0x00000000c7300000, 0x00000000c7400000|  0%| F|  |TAMS 0x00000000c7300000, 0x00000000c7300000| Untracked 
| 116|0x00000000c7400000, 0x00000000c7400000, 0x00000000c7500000|  0%| F|  |TAMS 0x00000000c7400000, 0x00000000c7400000| Untracked 
| 117|0x00000000c7500000, 0x00000000c7500000, 0x00000000c7600000|  0%| F|  |TAMS 0x00000000c7500000, 0x00000000c7500000| Untracked 
| 118|0x00000000c7600000, 0x00000000c7600000, 0x00000000c7700000|  0%| F|  |TAMS 0x00000000c7600000, 0x00000000c7600000| Untracked 
| 119|0x00000000c7700000, 0x00000000c7700000, 0x00000000c7800000|  0%| F|  |TAMS 0x00000000c7700000, 0x00000000c7700000| Untracked 
| 120|0x00000000c7800000, 0x00000000c7800000, 0x00000000c7900000|  0%| F|  |TAMS 0x00000000c7800000, 0x00000000c7800000| Untracked 
| 121|0x00000000c7900000, 0x00000000c7900000, 0x00000000c7a00000|  0%| F|  |TAMS 0x00000000c7900000, 0x00000000c7900000| Untracked 
| 122|0x00000000c7a00000, 0x00000000c7a00000, 0x00000000c7b00000|  0%| F|  |TAMS 0x00000000c7a00000, 0x00000000c7a00000| Untracked 
| 123|0x00000000c7b00000, 0x00000000c7b00000, 0x00000000c7c00000|  0%| F|  |TAMS 0x00000000c7b00000, 0x00000000c7b00000| Untracked 
| 124|0x00000000c7c00000, 0x00000000c7c00000, 0x00000000c7d00000|  0%| F|  |TAMS 0x00000000c7c00000, 0x00000000c7c00000| Untracked 
| 125|0x00000000c7d00000, 0x00000000c7d00000, 0x00000000c7e00000|  0%| F|  |TAMS 0x00000000c7d00000, 0x00000000c7d00000| Untracked 
| 126|0x00000000c7e00000, 0x00000000c7e00000, 0x00000000c7f00000|  0%| F|  |TAMS 0x00000000c7e00000, 0x00000000c7e00000| Untracked 
| 127|0x00000000c7f00000, 0x00000000c7f00000, 0x00000000c8000000|  0%| F|  |TAMS 0x00000000c7f00000, 0x00000000c7f00000| Untracked 
| 128|0x00000000c8000000, 0x00000000c8000000, 0x00000000c8100000|  0%| F|  |TAMS 0x00000000c8000000, 0x00000000c8000000| Untracked 
| 129|0x00000000c8100000, 0x00000000c8100000, 0x00000000c8200000|  0%| F|  |TAMS 0x00000000c8100000, 0x00000000c8100000| Untracked 
| 130|0x00000000c8200000, 0x00000000c8200000, 0x00000000c8300000|  0%| F|  |TAMS 0x00000000c8200000, 0x00000000c8200000| Untracked 
| 131|0x00000000c8300000, 0x00000000c8300000, 0x00000000c8400000|  0%| F|  |TAMS 0x00000000c8300000, 0x00000000c8300000| Untracked 
| 132|0x00000000c8400000, 0x00000000c8400000, 0x00000000c8500000|  0%| F|  |TAMS 0x00000000c8400000, 0x00000000c8400000| Untracked 
| 133|0x00000000c8500000, 0x00000000c8500000, 0x00000000c8600000|  0%| F|  |TAMS 0x00000000c8500000, 0x00000000c8500000| Untracked 
| 134|0x00000000c8600000, 0x00000000c8600000, 0x00000000c8700000|  0%| F|  |TAMS 0x00000000c8600000, 0x00000000c8600000| Untracked 
| 135|0x00000000c8700000, 0x00000000c8700000, 0x00000000c8800000|  0%| F|  |TAMS 0x00000000c8700000, 0x00000000c8700000| Untracked 
| 136|0x00000000c8800000, 0x00000000c8800000, 0x00000000c8900000|  0%| F|  |TAMS 0x00000000c8800000, 0x00000000c8800000| Untracked 
| 137|0x00000000c8900000, 0x00000000c8900000, 0x00000000c8a00000|  0%| F|  |TAMS 0x00000000c8900000, 0x00000000c8900000| Untracked 
| 138|0x00000000c8a00000, 0x00000000c8a00000, 0x00000000c8b00000|  0%| F|  |TAMS 0x00000000c8a00000, 0x00000000c8a00000| Untracked 
| 139|0x00000000c8b00000, 0x00000000c8c00000, 0x00000000c8c00000|100%| S|CS|TAMS 0x00000000c8b00000, 0x00000000c8b00000| Complete 
| 140|0x00000000c8c00000, 0x00000000c8d00000, 0x00000000c8d00000|100%| S|CS|TAMS 0x00000000c8c00000, 0x00000000c8c00000| Complete 
| 141|0x00000000c8d00000, 0x00000000c8e00000, 0x00000000c8e00000|100%| S|CS|TAMS 0x00000000c8d00000, 0x00000000c8d00000| Complete 
| 142|0x00000000c8e00000, 0x00000000c8f00000, 0x00000000c8f00000|100%| S|CS|TAMS 0x00000000c8e00000, 0x00000000c8e00000| Complete 
| 143|0x00000000c8f00000, 0x00000000c8f00000, 0x00000000c9000000|  0%| F|  |TAMS 0x00000000c8f00000, 0x00000000c8f00000| Untracked 
| 144|0x00000000c9000000, 0x00000000c9000000, 0x00000000c9100000|  0%| F|  |TAMS 0x00000000c9000000, 0x00000000c9000000| Untracked 
| 145|0x00000000c9100000, 0x00000000c9200000, 0x00000000c9200000|100%| S|CS|TAMS 0x00000000c9100000, 0x00000000c9100000| Complete 
| 146|0x00000000c9200000, 0x00000000c9200000, 0x00000000c9300000|  0%| F|  |TAMS 0x00000000c9200000, 0x00000000c9200000| Untracked 
| 147|0x00000000c9300000, 0x00000000c9300000, 0x00000000c9400000|  0%| F|  |TAMS 0x00000000c9300000, 0x00000000c9300000| Untracked 
| 148|0x00000000c9400000, 0x00000000c9400000, 0x00000000c9500000|  0%| F|  |TAMS 0x00000000c9400000, 0x00000000c9400000| Untracked 
| 149|0x00000000c9500000, 0x00000000c9500000, 0x00000000c9600000|  0%| F|  |TAMS 0x00000000c9500000, 0x00000000c9500000| Untracked 
| 150|0x00000000c9600000, 0x00000000c9700000, 0x00000000c9700000|100%| S|CS|TAMS 0x00000000c9600000, 0x00000000c9600000| Complete 
| 151|0x00000000c9700000, 0x00000000c9800000, 0x00000000c9800000|100%| S|CS|TAMS 0x00000000c9700000, 0x00000000c9700000| Complete 
| 152|0x00000000c9800000, 0x00000000c9900000, 0x00000000c9900000|100%| S|CS|TAMS 0x00000000c9800000, 0x00000000c9800000| Complete 
| 153|0x00000000c9900000, 0x00000000c9a00000, 0x00000000c9a00000|100%| S|CS|TAMS 0x00000000c9900000, 0x00000000c9900000| Complete 
| 154|0x00000000c9a00000, 0x00000000c9b00000, 0x00000000c9b00000|100%| S|CS|TAMS 0x00000000c9a00000, 0x00000000c9a00000| Complete 
| 155|0x00000000c9b00000, 0x00000000c9b00000, 0x00000000c9c00000|  0%| F|  |TAMS 0x00000000c9b00000, 0x00000000c9b00000| Untracked 
| 156|0x00000000c9c00000, 0x00000000c9c00000, 0x00000000c9d00000|  0%| F|  |TAMS 0x00000000c9c00000, 0x00000000c9c00000| Untracked 
| 157|0x00000000c9d00000, 0x00000000c9d00000, 0x00000000c9e00000|  0%| F|  |TAMS 0x00000000c9d00000, 0x00000000c9d00000| Untracked 
| 158|0x00000000c9e00000, 0x00000000c9e00000, 0x00000000c9f00000|  0%| F|  |TAMS 0x00000000c9e00000, 0x00000000c9e00000| Untracked 
| 159|0x00000000c9f00000, 0x00000000c9f00000, 0x00000000ca000000|  0%| F|  |TAMS 0x00000000c9f00000, 0x00000000c9f00000| Untracked 
| 160|0x00000000ca000000, 0x00000000ca000000, 0x00000000ca100000|  0%| F|  |TAMS 0x00000000ca000000, 0x00000000ca000000| Untracked 
| 161|0x00000000ca100000, 0x00000000ca100000, 0x00000000ca200000|  0%| F|  |TAMS 0x00000000ca100000, 0x00000000ca100000| Untracked 
| 162|0x00000000ca200000, 0x00000000ca200000, 0x00000000ca300000|  0%| F|  |TAMS 0x00000000ca200000, 0x00000000ca200000| Untracked 
| 163|0x00000000ca300000, 0x00000000ca300000, 0x00000000ca400000|  0%| F|  |TAMS 0x00000000ca300000, 0x00000000ca300000| Untracked 
| 164|0x00000000ca400000, 0x00000000ca400000, 0x00000000ca500000|  0%| F|  |TAMS 0x00000000ca400000, 0x00000000ca400000| Untracked 
| 165|0x00000000ca500000, 0x00000000ca500000, 0x00000000ca600000|  0%| F|  |TAMS 0x00000000ca500000, 0x00000000ca500000| Untracked 
| 166|0x00000000ca600000, 0x00000000ca600000, 0x00000000ca700000|  0%| F|  |TAMS 0x00000000ca600000, 0x00000000ca600000| Untracked 
| 167|0x00000000ca700000, 0x00000000ca700000, 0x00000000ca800000|  0%| F|  |TAMS 0x00000000ca700000, 0x00000000ca700000| Untracked 
| 168|0x00000000ca800000, 0x00000000ca800000, 0x00000000ca900000|  0%| F|  |TAMS 0x00000000ca800000, 0x00000000ca800000| Untracked 
| 169|0x00000000ca900000, 0x00000000ca900000, 0x00000000caa00000|  0%| F|  |TAMS 0x00000000ca900000, 0x00000000ca900000| Untracked 
| 170|0x00000000caa00000, 0x00000000caa00000, 0x00000000cab00000|  0%| F|  |TAMS 0x00000000caa00000, 0x00000000caa00000| Untracked 
| 171|0x00000000cab00000, 0x00000000cab00000, 0x00000000cac00000|  0%| F|  |TAMS 0x00000000cab00000, 0x00000000cab00000| Untracked 
| 172|0x00000000cac00000, 0x00000000cac00000, 0x00000000cad00000|  0%| F|  |TAMS 0x00000000cac00000, 0x00000000cac00000| Untracked 
| 173|0x00000000cad00000, 0x00000000cad00000, 0x00000000cae00000|  0%| F|  |TAMS 0x00000000cad00000, 0x00000000cad00000| Untracked 
| 174|0x00000000cae00000, 0x00000000cae00000, 0x00000000caf00000|  0%| F|  |TAMS 0x00000000cae00000, 0x00000000cae00000| Untracked 
| 175|0x00000000caf00000, 0x00000000caf00000, 0x00000000cb000000|  0%| F|  |TAMS 0x00000000caf00000, 0x00000000caf00000| Untracked 
| 176|0x00000000cb000000, 0x00000000cb000000, 0x00000000cb100000|  0%| F|  |TAMS 0x00000000cb000000, 0x00000000cb000000| Untracked 
| 177|0x00000000cb100000, 0x00000000cb100000, 0x00000000cb200000|  0%| F|  |TAMS 0x00000000cb100000, 0x00000000cb100000| Untracked 
| 178|0x00000000cb200000, 0x00000000cb200000, 0x00000000cb300000|  0%| F|  |TAMS 0x00000000cb200000, 0x00000000cb200000| Untracked 
| 179|0x00000000cb300000, 0x00000000cb300000, 0x00000000cb400000|  0%| F|  |TAMS 0x00000000cb300000, 0x00000000cb300000| Untracked 
| 180|0x00000000cb400000, 0x00000000cb400000, 0x00000000cb500000|  0%| F|  |TAMS 0x00000000cb400000, 0x00000000cb400000| Untracked 
| 181|0x00000000cb500000, 0x00000000cb500000, 0x00000000cb600000|  0%| F|  |TAMS 0x00000000cb500000, 0x00000000cb500000| Untracked 
| 182|0x00000000cb600000, 0x00000000cb600000, 0x00000000cb700000|  0%| F|  |TAMS 0x00000000cb600000, 0x00000000cb600000| Untracked 
| 183|0x00000000cb700000, 0x00000000cb700000, 0x00000000cb800000|  0%| F|  |TAMS 0x00000000cb700000, 0x00000000cb700000| Untracked 
| 184|0x00000000cb800000, 0x00000000cb800000, 0x00000000cb900000|  0%| F|  |TAMS 0x00000000cb800000, 0x00000000cb800000| Untracked 
| 185|0x00000000cb900000, 0x00000000cb900000, 0x00000000cba00000|  0%| F|  |TAMS 0x00000000cb900000, 0x00000000cb900000| Untracked 
| 186|0x00000000cba00000, 0x00000000cba00000, 0x00000000cbb00000|  0%| F|  |TAMS 0x00000000cba00000, 0x00000000cba00000| Untracked 
| 187|0x00000000cbb00000, 0x00000000cbb00000, 0x00000000cbc00000|  0%| F|  |TAMS 0x00000000cbb00000, 0x00000000cbb00000| Untracked 
| 188|0x00000000cbc00000, 0x00000000cbc00000, 0x00000000cbd00000|  0%| F|  |TAMS 0x00000000cbc00000, 0x00000000cbc00000| Untracked 
| 189|0x00000000cbd00000, 0x00000000cbd00000, 0x00000000cbe00000|  0%| F|  |TAMS 0x00000000cbd00000, 0x00000000cbd00000| Untracked 
| 190|0x00000000cbe00000, 0x00000000cbe00000, 0x00000000cbf00000|  0%| F|  |TAMS 0x00000000cbe00000, 0x00000000cbe00000| Untracked 
| 191|0x00000000cbf00000, 0x00000000cbf00000, 0x00000000cc000000|  0%| F|  |TAMS 0x00000000cbf00000, 0x00000000cbf00000| Untracked 
| 192|0x00000000cc000000, 0x00000000cc000000, 0x00000000cc100000|  0%| F|  |TAMS 0x00000000cc000000, 0x00000000cc000000| Untracked 
| 193|0x00000000cc100000, 0x00000000cc100000, 0x00000000cc200000|  0%| F|  |TAMS 0x00000000cc100000, 0x00000000cc100000| Untracked 
| 194|0x00000000cc200000, 0x00000000cc200000, 0x00000000cc300000|  0%| F|  |TAMS 0x00000000cc200000, 0x00000000cc200000| Untracked 
| 195|0x00000000cc300000, 0x00000000cc300000, 0x00000000cc400000|  0%| F|  |TAMS 0x00000000cc300000, 0x00000000cc300000| Untracked 
| 196|0x00000000cc400000, 0x00000000cc400000, 0x00000000cc500000|  0%| F|  |TAMS 0x00000000cc400000, 0x00000000cc400000| Untracked 
| 197|0x00000000cc500000, 0x00000000cc500000, 0x00000000cc600000|  0%| F|  |TAMS 0x00000000cc500000, 0x00000000cc500000| Untracked 
| 198|0x00000000cc600000, 0x00000000cc600000, 0x00000000cc700000|  0%| F|  |TAMS 0x00000000cc600000, 0x00000000cc600000| Untracked 
| 199|0x00000000cc700000, 0x00000000cc700000, 0x00000000cc800000|  0%| F|  |TAMS 0x00000000cc700000, 0x00000000cc700000| Untracked 
| 200|0x00000000cc800000, 0x00000000cc800000, 0x00000000cc900000|  0%| F|  |TAMS 0x00000000cc800000, 0x00000000cc800000| Untracked 
| 201|0x00000000cc900000, 0x00000000cc900000, 0x00000000cca00000|  0%| F|  |TAMS 0x00000000cc900000, 0x00000000cc900000| Untracked 
| 202|0x00000000cca00000, 0x00000000cca00000, 0x00000000ccb00000|  0%| F|  |TAMS 0x00000000cca00000, 0x00000000cca00000| Untracked 
| 203|0x00000000ccb00000, 0x00000000ccb00000, 0x00000000ccc00000|  0%| F|  |TAMS 0x00000000ccb00000, 0x00000000ccb00000| Untracked 
| 204|0x00000000ccc00000, 0x00000000ccc00000, 0x00000000ccd00000|  0%| F|  |TAMS 0x00000000ccc00000, 0x00000000ccc00000| Untracked 
| 205|0x00000000ccd00000, 0x00000000ccd00000, 0x00000000cce00000|  0%| F|  |TAMS 0x00000000ccd00000, 0x00000000ccd00000| Untracked 
| 206|0x00000000cce00000, 0x00000000cce00000, 0x00000000ccf00000|  0%| F|  |TAMS 0x00000000cce00000, 0x00000000cce00000| Untracked 
| 207|0x00000000ccf00000, 0x00000000ccf00000, 0x00000000cd000000|  0%| F|  |TAMS 0x00000000ccf00000, 0x00000000ccf00000| Untracked 
| 208|0x00000000cd000000, 0x00000000cd000000, 0x00000000cd100000|  0%| F|  |TAMS 0x00000000cd000000, 0x00000000cd000000| Untracked 
| 209|0x00000000cd100000, 0x00000000cd100000, 0x00000000cd200000|  0%| F|  |TAMS 0x00000000cd100000, 0x00000000cd100000| Untracked 
| 210|0x00000000cd200000, 0x00000000cd200000, 0x00000000cd300000|  0%| F|  |TAMS 0x00000000cd200000, 0x00000000cd200000| Untracked 
| 211|0x00000000cd300000, 0x00000000cd300000, 0x00000000cd400000|  0%| F|  |TAMS 0x00000000cd300000, 0x00000000cd300000| Untracked 
| 212|0x00000000cd400000, 0x00000000cd400000, 0x00000000cd500000|  0%| F|  |TAMS 0x00000000cd400000, 0x00000000cd400000| Untracked 
| 213|0x00000000cd500000, 0x00000000cd500000, 0x00000000cd600000|  0%| F|  |TAMS 0x00000000cd500000, 0x00000000cd500000| Untracked 
| 214|0x00000000cd600000, 0x00000000cd600000, 0x00000000cd700000|  0%| F|  |TAMS 0x00000000cd600000, 0x00000000cd600000| Untracked 
| 215|0x00000000cd700000, 0x00000000cd700000, 0x00000000cd800000|  0%| F|  |TAMS 0x00000000cd700000, 0x00000000cd700000| Untracked 
| 216|0x00000000cd800000, 0x00000000cd800000, 0x00000000cd900000|  0%| F|  |TAMS 0x00000000cd800000, 0x00000000cd800000| Untracked 
| 217|0x00000000cd900000, 0x00000000cd900000, 0x00000000cda00000|  0%| F|  |TAMS 0x00000000cd900000, 0x00000000cd900000| Untracked 
| 218|0x00000000cda00000, 0x00000000cda00000, 0x00000000cdb00000|  0%| F|  |TAMS 0x00000000cda00000, 0x00000000cda00000| Untracked 
| 219|0x00000000cdb00000, 0x00000000cdb00000, 0x00000000cdc00000|  0%| F|  |TAMS 0x00000000cdb00000, 0x00000000cdb00000| Untracked 
| 220|0x00000000cdc00000, 0x00000000cdc00000, 0x00000000cdd00000|  0%| F|  |TAMS 0x00000000cdc00000, 0x00000000cdc00000| Untracked 
| 221|0x00000000cdd00000, 0x00000000cdd00000, 0x00000000cde00000|  0%| F|  |TAMS 0x00000000cdd00000, 0x00000000cdd00000| Untracked 
| 222|0x00000000cde00000, 0x00000000cde00000, 0x00000000cdf00000|  0%| F|  |TAMS 0x00000000cde00000, 0x00000000cde00000| Untracked 
| 223|0x00000000cdf00000, 0x00000000cdf00000, 0x00000000ce000000|  0%| F|  |TAMS 0x00000000cdf00000, 0x00000000cdf00000| Untracked 
| 224|0x00000000ce000000, 0x00000000ce000000, 0x00000000ce100000|  0%| F|  |TAMS 0x00000000ce000000, 0x00000000ce000000| Untracked 
| 225|0x00000000ce100000, 0x00000000ce100000, 0x00000000ce200000|  0%| F|  |TAMS 0x00000000ce100000, 0x00000000ce100000| Untracked 
| 226|0x00000000ce200000, 0x00000000ce200000, 0x00000000ce300000|  0%| F|  |TAMS 0x00000000ce200000, 0x00000000ce200000| Untracked 
| 227|0x00000000ce300000, 0x00000000ce300000, 0x00000000ce400000|  0%| F|  |TAMS 0x00000000ce300000, 0x00000000ce300000| Untracked 
| 228|0x00000000ce400000, 0x00000000ce400000, 0x00000000ce500000|  0%| F|  |TAMS 0x00000000ce400000, 0x00000000ce400000| Untracked 
| 229|0x00000000ce500000, 0x00000000ce500000, 0x00000000ce600000|  0%| F|  |TAMS 0x00000000ce500000, 0x00000000ce500000| Untracked 
| 230|0x00000000ce600000, 0x00000000ce600000, 0x00000000ce700000|  0%| F|  |TAMS 0x00000000ce600000, 0x00000000ce600000| Untracked 
| 231|0x00000000ce700000, 0x00000000ce700000, 0x00000000ce800000|  0%| F|  |TAMS 0x00000000ce700000, 0x00000000ce700000| Untracked 
| 232|0x00000000ce800000, 0x00000000ce800000, 0x00000000ce900000|  0%| F|  |TAMS 0x00000000ce800000, 0x00000000ce800000| Untracked 
| 233|0x00000000ce900000, 0x00000000ce900000, 0x00000000cea00000|  0%| F|  |TAMS 0x00000000ce900000, 0x00000000ce900000| Untracked 
| 234|0x00000000cea00000, 0x00000000cea00000, 0x00000000ceb00000|  0%| F|  |TAMS 0x00000000cea00000, 0x00000000cea00000| Untracked 
| 235|0x00000000ceb00000, 0x00000000ceb00000, 0x00000000cec00000|  0%| F|  |TAMS 0x00000000ceb00000, 0x00000000ceb00000| Untracked 
| 236|0x00000000cec00000, 0x00000000cec00000, 0x00000000ced00000|  0%| F|  |TAMS 0x00000000cec00000, 0x00000000cec00000| Untracked 
| 237|0x00000000ced00000, 0x00000000ced00000, 0x00000000cee00000|  0%| F|  |TAMS 0x00000000ced00000, 0x00000000ced00000| Untracked 
| 238|0x00000000cee00000, 0x00000000cee00000, 0x00000000cef00000|  0%| F|  |TAMS 0x00000000cee00000, 0x00000000cee00000| Untracked 
| 239|0x00000000cef00000, 0x00000000cef00000, 0x00000000cf000000|  0%| F|  |TAMS 0x00000000cef00000, 0x00000000cef00000| Untracked 
| 240|0x00000000cf000000, 0x00000000cf000000, 0x00000000cf100000|  0%| F|  |TAMS 0x00000000cf000000, 0x00000000cf000000| Untracked 
| 241|0x00000000cf100000, 0x00000000cf100000, 0x00000000cf200000|  0%| F|  |TAMS 0x00000000cf100000, 0x00000000cf100000| Untracked 
| 242|0x00000000cf200000, 0x00000000cf200000, 0x00000000cf300000|  0%| F|  |TAMS 0x00000000cf200000, 0x00000000cf200000| Untracked 
| 243|0x00000000cf300000, 0x00000000cf300000, 0x00000000cf400000|  0%| F|  |TAMS 0x00000000cf300000, 0x00000000cf300000| Untracked 
| 244|0x00000000cf400000, 0x00000000cf400000, 0x00000000cf500000|  0%| F|  |TAMS 0x00000000cf400000, 0x00000000cf400000| Untracked 
| 245|0x00000000cf500000, 0x00000000cf500000, 0x00000000cf600000|  0%| F|  |TAMS 0x00000000cf500000, 0x00000000cf500000| Untracked 
| 246|0x00000000cf600000, 0x00000000cf600000, 0x00000000cf700000|  0%| F|  |TAMS 0x00000000cf600000, 0x00000000cf600000| Untracked 
| 247|0x00000000cf700000, 0x00000000cf700000, 0x00000000cf800000|  0%| F|  |TAMS 0x00000000cf700000, 0x00000000cf700000| Untracked 
| 248|0x00000000cf800000, 0x00000000cf800000, 0x00000000cf900000|  0%| F|  |TAMS 0x00000000cf800000, 0x00000000cf800000| Untracked 
| 249|0x00000000cf900000, 0x00000000cf900000, 0x00000000cfa00000|  0%| F|  |TAMS 0x00000000cf900000, 0x00000000cf900000| Untracked 
| 250|0x00000000cfa00000, 0x00000000cfa00000, 0x00000000cfb00000|  0%| F|  |TAMS 0x00000000cfa00000, 0x00000000cfa00000| Untracked 
| 251|0x00000000cfb00000, 0x00000000cfb00000, 0x00000000cfc00000|  0%| F|  |TAMS 0x00000000cfb00000, 0x00000000cfb00000| Untracked 
| 252|0x00000000cfc00000, 0x00000000cfc00000, 0x00000000cfd00000|  0%| F|  |TAMS 0x00000000cfc00000, 0x00000000cfc00000| Untracked 
| 253|0x00000000cfd00000, 0x00000000cfd00000, 0x00000000cfe00000|  0%| F|  |TAMS 0x00000000cfd00000, 0x00000000cfd00000| Untracked 
| 254|0x00000000cfe00000, 0x00000000cfe00000, 0x00000000cff00000|  0%| F|  |TAMS 0x00000000cfe00000, 0x00000000cfe00000| Untracked 
| 255|0x00000000cff00000, 0x00000000cff00000, 0x00000000d0000000|  0%| F|  |TAMS 0x00000000cff00000, 0x00000000cff00000| Untracked 
| 256|0x00000000d0000000, 0x00000000d0000000, 0x00000000d0100000|  0%| F|  |TAMS 0x00000000d0000000, 0x00000000d0000000| Untracked 
| 257|0x00000000d0100000, 0x00000000d0100000, 0x00000000d0200000|  0%| F|  |TAMS 0x00000000d0100000, 0x00000000d0100000| Untracked 
| 258|0x00000000d0200000, 0x00000000d0200000, 0x00000000d0300000|  0%| F|  |TAMS 0x00000000d0200000, 0x00000000d0200000| Untracked 
| 259|0x00000000d0300000, 0x00000000d0300000, 0x00000000d0400000|  0%| F|  |TAMS 0x00000000d0300000, 0x00000000d0300000| Untracked 
| 260|0x00000000d0400000, 0x00000000d0400000, 0x00000000d0500000|  0%| F|  |TAMS 0x00000000d0400000, 0x00000000d0400000| Untracked 
| 261|0x00000000d0500000, 0x00000000d0500000, 0x00000000d0600000|  0%| F|  |TAMS 0x00000000d0500000, 0x00000000d0500000| Untracked 
| 262|0x00000000d0600000, 0x00000000d0600000, 0x00000000d0700000|  0%| F|  |TAMS 0x00000000d0600000, 0x00000000d0600000| Untracked 
| 263|0x00000000d0700000, 0x00000000d0700000, 0x00000000d0800000|  0%| F|  |TAMS 0x00000000d0700000, 0x00000000d0700000| Untracked 
| 264|0x00000000d0800000, 0x00000000d0800000, 0x00000000d0900000|  0%| F|  |TAMS 0x00000000d0800000, 0x00000000d0800000| Untracked 
| 265|0x00000000d0900000, 0x00000000d0900000, 0x00000000d0a00000|  0%| F|  |TAMS 0x00000000d0900000, 0x00000000d0900000| Untracked 
| 266|0x00000000d0a00000, 0x00000000d0a00000, 0x00000000d0b00000|  0%| F|  |TAMS 0x00000000d0a00000, 0x00000000d0a00000| Untracked 
| 267|0x00000000d0b00000, 0x00000000d0b00000, 0x00000000d0c00000|  0%| F|  |TAMS 0x00000000d0b00000, 0x00000000d0b00000| Untracked 

Card table byte_map: [0x00000205c8d70000,0x00000205c8f70000] _byte_map_base: 0x00000205c8770000

Marking Bits (Prev, Next): (CMBitMap*) 0x00000205c91420d0, (CMBitMap*) 0x00000205c9142110
 Prev Bits: [0x00000205cef90000, 0x00000205cff90000)
 Next Bits: [0x00000205cff90000, 0x00000205d0f90000)

Polling page: 0x00000205c88d0000

Metaspace:

Usage:
  Non-class:     40.82 MB used.
      Class:      5.93 MB used.
       Both:     46.74 MB used.

Virtual space:
  Non-class space:       48.00 MB reserved,      41.06 MB ( 86%) committed,  6 nodes.
      Class space:        1.00 GB reserved,       6.12 MB ( <1%) committed,  1 nodes.
             Both:        1.05 GB reserved,      47.19 MB (  4%) committed. 

Chunk freelists:
   Non-Class:  2.58 MB
       Class:  1.70 MB
        Both:  4.28 MB

MaxMetaspaceSize: unlimited
CompressedClassSpaceSize: 1.00 GB
Initial GC threshold: 21.00 MB
Current GC threshold: 59.69 MB
CDS: off
MetaspaceReclaimPolicy: balanced
 - commit_granule_bytes: 65536.
 - commit_granule_words: 8192.
 - virtual_space_node_default_size: 1048576.
 - enlarge_chunks_in_place: 1.
 - new_chunks_are_fully_committed: 0.
 - uncommit_free_chunks: 1.
 - use_allocation_guard: 0.
 - handle_deallocations: 1.


Internal statistics:

num_allocs_failed_limit: 6.
num_arena_births: 514.
num_arena_deaths: 0.
num_vsnodes_births: 7.
num_vsnodes_deaths: 0.
num_space_committed: 755.
num_space_uncommitted: 0.
num_chunks_returned_to_freelist: 6.
num_chunks_taken_from_freelist: 1955.
num_chunk_merges: 6.
num_chunk_splits: 1348.
num_chunks_enlarged: 993.
num_purges: 0.
num_inconsistent_stats: 0.

CodeCache: size=49152Kb used=9395Kb max_used=9395Kb free=39756Kb
 bounds [0x00000205cbd90000, 0x00000205cc6c0000, 0x00000205ced90000]
 total_blobs=5100 nmethods=4494 adapters=533
 compilation: enabled
              stopped_count=0, restarted_count=0
 full_count=0

Compilation events (20 events):
Event: 48.586 Thread 0x00000205d5dfb010 4491  s    1       java.lang.StringBuffer::length (5 bytes)
Event: 48.604 Thread 0x00000205d5dfb010 nmethod 4491 0x00000205cc6b9990 code [0x00000205cc6b9b20, 0x00000205cc6b9c98]
Event: 48.607 Thread 0x00000205d5dfb010 4492       1       java.util.EnumMap::unmaskNull (13 bytes)
Event: 48.607 Thread 0x00000205d5dfb010 nmethod 4492 0x00000205cc6ba010 code [0x00000205cc6ba1a0, 0x00000205cc6ba278]
Event: 48.608 Thread 0x00000205d32395a0 4493       1       java.util.LinkedList$ListItr::hasNext (20 bytes)
Event: 48.608 Thread 0x00000205d32395a0 nmethod 4493 0x00000205cc6ba310 code [0x00000205cc6ba4a0, 0x00000205cc6ba598]
Event: 48.631 Thread 0x00000205d5dfb010 4494       1       sun.security.util.AlgorithmDecomposer::decomposeImpl (128 bytes)
Event: 48.632 Thread 0x00000205d5dfb010 nmethod 4494 0x00000205cc6ba610 code [0x00000205cc6ba7e0, 0x00000205cc6bab88]
Event: 48.632 Thread 0x00000205d32395a0 4495       1       sun.security.util.AbstractAlgorithmConstraints::checkAlgorithm (87 bytes)
Event: 48.632 Thread 0x00000205d5dfb010 4496   !   1       sun.security.ssl.SSLAlgorithmDecomposer::decompose (67 bytes)
Event: 48.632 Thread 0x00000205d32395a0 nmethod 4495 0x00000205cc6baf10 code [0x00000205cc6bb120, 0x00000205cc6bb468]
Event: 48.632 Thread 0x00000205d5dfb010 nmethod 4496 0x00000205cc6bb690 code [0x00000205cc6bb880, 0x00000205cc6bbae8]
Event: 48.633 Thread 0x00000205d5dfb010 4497       1       java.util.LinkedList$ListItr::checkForComodification (23 bytes)
Event: 48.633 Thread 0x00000205d5dfb010 nmethod 4497 0x00000205cc6bbc90 code [0x00000205cc6bbe20, 0x00000205cc6bbf88]
Event: 48.633 Thread 0x00000205d32395a0 4498       1       java.util.LinkedList$ListItr::next (56 bytes)
Event: 48.633 Thread 0x00000205d32395a0 nmethod 4498 0x00000205cc6bc090 code [0x00000205cc6bc240, 0x00000205cc6bc538]
Event: 48.633 Thread 0x00000205d5dfb010 4499       1       java.nio.HeapByteBuffer::put (16 bytes)
Event: 48.634 Thread 0x00000205d5dfb010 nmethod 4499 0x00000205cc6bc690 code [0x00000205cc6bc840, 0x00000205cc6bc9a8]
Event: 48.634 Thread 0x00000205d32395a0 4500       1       java.nio.Buffer::nextPutIndex (30 bytes)
Event: 48.634 Thread 0x00000205d32395a0 nmethod 4500 0x00000205cc6bcb10 code [0x00000205cc6bcca0, 0x00000205cc6bcdc8]

GC Heap History (20 events):
Event: 42.377 GC heap after
{Heap after GC invocations=24 (full 0):
 garbage-first heap   total 166912K, used 67072K [0x00000000c0000000, 0x0000000100000000)
  region size 1024K, 2 young (2048K), 2 survivors (2048K)
 Metaspace       used 37976K, committed 38336K, reserved 1089536K
  class space    used 4940K, committed 5120K, reserved 1048576K
}
Event: 42.508 GC heap before
{Heap before GC invocations=24 (full 0):
 garbage-first heap   total 166912K, used 115200K [0x00000000c0000000, 0x0000000100000000)
  region size 1024K, 50 young (51200K), 2 survivors (2048K)
 Metaspace       used 38223K, committed 38592K, reserved 1089536K
  class space    used 4952K, committed 5120K, reserved 1048576K
}
Event: 42.514 GC heap after
{Heap after GC invocations=25 (full 0):
 garbage-first heap   total 166912K, used 68872K [0x00000000c0000000, 0x0000000100000000)
  region size 1024K, 4 young (4096K), 4 survivors (4096K)
 Metaspace       used 38223K, committed 38592K, reserved 1089536K
  class space    used 4952K, committed 5120K, reserved 1048576K
}
Event: 42.699 GC heap before
{Heap before GC invocations=25 (full 0):
 garbage-first heap   total 166912K, used 120072K [0x00000000c0000000, 0x0000000100000000)
  region size 1024K, 55 young (56320K), 4 survivors (4096K)
 Metaspace       used 38842K, committed 39296K, reserved 1089536K
  class space    used 4978K, committed 5184K, reserved 1048576K
}
Event: 42.708 GC heap after
{Heap after GC invocations=26 (full 0):
 garbage-first heap   total 166912K, used 71338K [0x00000000c0000000, 0x0000000100000000)
  region size 1024K, 5 young (5120K), 5 survivors (5120K)
 Metaspace       used 38842K, committed 39296K, reserved 1089536K
  class space    used 4978K, committed 5184K, reserved 1048576K
}
Event: 42.821 GC heap before
{Heap before GC invocations=26 (full 0):
 garbage-first heap   total 166912K, used 124586K [0x00000000c0000000, 0x0000000100000000)
  region size 1024K, 58 young (59392K), 5 survivors (5120K)
 Metaspace       used 38979K, committed 39360K, reserved 1089536K
  class space    used 4994K, committed 5184K, reserved 1048576K
}
Event: 42.835 GC heap after
{Heap after GC invocations=27 (full 0):
 garbage-first heap   total 274432K, used 74470K [0x00000000c0000000, 0x0000000100000000)
  region size 1024K, 8 young (8192K), 8 survivors (8192K)
 Metaspace       used 38979K, committed 39360K, reserved 1089536K
  class space    used 4994K, committed 5184K, reserved 1048576K
}
Event: 44.477 GC heap before
{Heap before GC invocations=27 (full 0):
 garbage-first heap   total 274432K, used 206566K [0x00000000c0000000, 0x0000000100000000)
  region size 1024K, 138 young (141312K), 8 survivors (8192K)
 Metaspace       used 39582K, committed 40000K, reserved 1089536K
  class space    used 5057K, committed 5248K, reserved 1048576K
}
Event: 44.544 GC heap after
{Heap after GC invocations=28 (full 0):
 garbage-first heap   total 274432K, used 80225K [0x00000000c0000000, 0x0000000100000000)
  region size 1024K, 13 young (13312K), 13 survivors (13312K)
 Metaspace       used 39582K, committed 40000K, reserved 1089536K
  class space    used 5057K, committed 5248K, reserved 1048576K
}
Event: 45.565 GC heap before
{Heap before GC invocations=28 (full 0):
 garbage-first heap   total 274432K, used 213345K [0x00000000c0000000, 0x0000000100000000)
  region size 1024K, 144 young (147456K), 13 survivors (13312K)
 Metaspace       used 39673K, committed 40064K, reserved 1089536K
  class space    used 5080K, committed 5248K, reserved 1048576K
}
Event: 45.642 GC heap after
{Heap after GC invocations=29 (full 0):
 garbage-first heap   total 274432K, used 88840K [0x00000000c0000000, 0x0000000100000000)
  region size 1024K, 18 young (18432K), 18 survivors (18432K)
 Metaspace       used 39673K, committed 40064K, reserved 1089536K
  class space    used 5080K, committed 5248K, reserved 1048576K
}
Event: 46.549 GC heap before
{Heap before GC invocations=29 (full 0):
 garbage-first heap   total 274432K, used 214792K [0x00000000c0000000, 0x0000000100000000)
  region size 1024K, 143 young (146432K), 18 survivors (18432K)
 Metaspace       used 40653K, committed 41088K, reserved 1089536K
  class space    used 5149K, committed 5376K, reserved 1048576K
}
Event: 46.580 GC heap after
{Heap after GC invocations=30 (full 0):
 garbage-first heap   total 274432K, used 94465K [0x00000000c0000000, 0x0000000100000000)
  region size 1024K, 15 young (15360K), 15 survivors (15360K)
 Metaspace       used 40653K, committed 41088K, reserved 1089536K
  class space    used 5149K, committed 5376K, reserved 1048576K
}
Event: 46.993 GC heap before
{Heap before GC invocations=30 (full 0):
 garbage-first heap   total 274432K, used 219393K [0x00000000c0000000, 0x0000000100000000)
  region size 1024K, 138 young (141312K), 15 survivors (15360K)
 Metaspace       used 42078K, committed 42560K, reserved 1089536K
  class space    used 5289K, committed 5504K, reserved 1048576K
}
Event: 47.020 GC heap after
{Heap after GC invocations=31 (full 0):
 garbage-first heap   total 274432K, used 99840K [0x00000000c0000000, 0x0000000100000000)
  region size 1024K, 11 young (11264K), 11 survivors (11264K)
 Metaspace       used 42078K, committed 42560K, reserved 1089536K
  class space    used 5289K, committed 5504K, reserved 1048576K
}
Event: 47.661 GC heap before
{Heap before GC invocations=31 (full 0):
 garbage-first heap   total 274432K, used 224768K [0x00000000c0000000, 0x0000000100000000)
  region size 1024K, 133 young (136192K), 11 survivors (11264K)
 Metaspace       used 44007K, committed 44416K, reserved 1089536K
  class space    used 5536K, committed 5760K, reserved 1048576K
}
Event: 47.684 GC heap after
{Heap after GC invocations=32 (full 0):
 garbage-first heap   total 274432K, used 105472K [0x00000000c0000000, 0x0000000100000000)
  region size 1024K, 11 young (11264K), 11 survivors (11264K)
 Metaspace       used 44007K, committed 44416K, reserved 1089536K
  class space    used 5536K, committed 5760K, reserved 1048576K
}
Event: 48.122 GC heap before
{Heap before GC invocations=32 (full 0):
 garbage-first heap   total 274432K, used 225280K [0x00000000c0000000, 0x0000000100000000)
  region size 1024K, 129 young (132096K), 11 survivors (11264K)
 Metaspace       used 46409K, committed 46848K, reserved 1089536K
  class space    used 5852K, committed 6016K, reserved 1048576K
}
Event: 48.154 GC heap after
{Heap after GC invocations=33 (full 0):
 garbage-first heap   total 274432K, used 112128K [0x00000000c0000000, 0x0000000100000000)
  region size 1024K, 12 young (12288K), 12 survivors (12288K)
 Metaspace       used 46409K, committed 46848K, reserved 1089536K
  class space    used 5852K, committed 6016K, reserved 1048576K
}
Event: 48.638 GC heap before
{Heap before GC invocations=33 (full 0):
 garbage-first heap   total 274432K, used 226816K [0x00000000c0000000, 0x0000000100000000)
  region size 1024K, 125 young (128000K), 12 survivors (12288K)
 Metaspace       used 47866K, committed 48320K, reserved 1097728K
  class space    used 6069K, committed 6272K, reserved 1048576K
}

Dll operation events (8 events):
Event: 0.115 Loaded shared library c:\Users\no name\.vscode\extensions\redhat.java-1.17.0-win32-x64\jre\17.0.6-win32-x86_64\bin\java.dll
Event: 1.498 Loaded shared library C:\Users\no name\.vscode\extensions\redhat.java-1.17.0-win32-x64\jre\17.0.6-win32-x86_64\bin\net.dll
Event: 1.528 Loaded shared library C:\Users\no name\.vscode\extensions\redhat.java-1.17.0-win32-x64\jre\17.0.6-win32-x86_64\bin\nio.dll
Event: 1.567 Loaded shared library C:\Users\no name\.vscode\extensions\redhat.java-1.17.0-win32-x64\jre\17.0.6-win32-x86_64\bin\zip.dll
Event: 12.237 Loaded shared library C:\Users\no name\.vscode\extensions\redhat.java-1.17.0-win32-x64\jre\17.0.6-win32-x86_64\bin\jimage.dll
Event: 36.184 Loaded shared library C:\Users\no name\.vscode\extensions\redhat.java-1.17.0-win32-x64\jre\17.0.6-win32-x86_64\bin\management.dll
Event: 36.250 Loaded shared library C:\Users\no name\.vscode\extensions\redhat.java-1.17.0-win32-x64\jre\17.0.6-win32-x86_64\bin\management_ext.dll
Event: 47.630 Loaded shared library C:\Users\no name\.vscode\extensions\redhat.java-1.17.0-win32-x64\jre\17.0.6-win32-x86_64\bin\sunmscapi.dll

Deoptimization events (14 events):
Event: 27.360 Thread 0x00000205c9101b60 DEOPT PACKING pc=0x00000205cc22bb99 sp=0x00000016aadfd5f0
Event: 27.360 Thread 0x00000205c9101b60 DEOPT UNPACKING pc=0x00000205cbde7124 sp=0x00000016aadfcad0 mode 3
Event: 37.118 Thread 0x00000205d542edb0 DEOPT PACKING pc=0x00000205cc410a35 sp=0x00000016ac6fd840
Event: 37.118 Thread 0x00000205d542edb0 DEOPT UNPACKING pc=0x00000205cbde7124 sp=0x00000016ac6fcd68 mode 3
Event: 37.212 Thread 0x00000205d5a39020 DEOPT PACKING pc=0x00000205cc22d301 sp=0x00000016ac5fd5d0
Event: 37.212 Thread 0x00000205d5a39020 DEOPT UNPACKING pc=0x00000205cbde7124 sp=0x00000016ac5fca60 mode 3
Event: 37.284 Thread 0x00000205d542edb0 DEOPT PACKING pc=0x00000205cc229e97 sp=0x00000016ac6fee10
Event: 37.284 Thread 0x00000205d542edb0 DEOPT UNPACKING pc=0x00000205cbde7124 sp=0x00000016ac6fe268 mode 3
Event: 37.620 Thread 0x00000205d4776ee0 DEOPT PACKING pc=0x00000205cc42be2b sp=0x00000016ac8feb90
Event: 37.620 Thread 0x00000205d4776ee0 DEOPT UNPACKING pc=0x00000205cbde7124 sp=0x00000016ac8fe0d8 mode 3
Event: 42.791 Thread 0x00000205d542edb0 DEOPT PACKING pc=0x00000205cc26f27d sp=0x00000016ac6fbdd0
Event: 42.791 Thread 0x00000205d542edb0 DEOPT UNPACKING pc=0x00000205cbde7124 sp=0x00000016ac6fb338 mode 3
Event: 47.529 Thread 0x00000205d6109cd0 DEOPT PACKING pc=0x00000205cbefb50c sp=0x00000016ad2fe8f0
Event: 47.529 Thread 0x00000205d6109cd0 DEOPT UNPACKING pc=0x00000205cbde7124 sp=0x00000016ad2fddb8 mode 0

Classes unloaded (0 events):
No events

Classes redefined (0 events):
No events

Internal exceptions (20 events):
Event: 37.720 Thread 0x00000205d4776540 Exception <a 'sun/nio/fs/WindowsException'{0x00000000c2989cc0}> (0x00000000c2989cc0) 
thrown [s\src\hotspot\share\prims\jni.cpp, line 516]
Event: 37.720 Thread 0x00000205d4776540 Exception <a 'sun/nio/fs/WindowsException'{0x00000000c298a0a0}> (0x00000000c298a0a0) 
thrown [s\src\hotspot\share\prims\jni.cpp, line 516]
Event: 37.721 Thread 0x00000205d4776540 Exception <a 'sun/nio/fs/WindowsException'{0x00000000c298aad8}> (0x00000000c298aad8) 
thrown [s\src\hotspot\share\prims\jni.cpp, line 516]
Event: 37.722 Thread 0x00000205d4776540 Exception <a 'sun/nio/fs/WindowsException'{0x00000000c298aec8}> (0x00000000c298aec8) 
thrown [s\src\hotspot\share\prims\jni.cpp, line 516]
Event: 37.722 Thread 0x00000205d4776540 Exception <a 'sun/nio/fs/WindowsException'{0x00000000c298b930}> (0x00000000c298b930) 
thrown [s\src\hotspot\share\prims\jni.cpp, line 516]
Event: 37.722 Thread 0x00000205d4776540 Exception <a 'sun/nio/fs/WindowsException'{0x00000000c298bd20}> (0x00000000c298bd20) 
thrown [s\src\hotspot\share\prims\jni.cpp, line 516]
Event: 38.126 Thread 0x00000205d47773b0 Exception <a 'sun/nio/fs/WindowsException'{0x00000000c2932dd8}> (0x00000000c2932dd8) 
thrown [s\src\hotspot\share\prims\jni.cpp, line 516]
Event: 38.127 Thread 0x00000205d47773b0 Exception <a 'sun/nio/fs/WindowsException'{0x00000000c29356b0}> (0x00000000c29356b0) 
thrown [s\src\hotspot\share\prims\jni.cpp, line 516]
Event: 38.128 Thread 0x00000205d47773b0 Exception <a 'sun/nio/fs/WindowsException'{0x00000000c2937f78}> (0x00000000c2937f78) 
thrown [s\src\hotspot\share\prims\jni.cpp, line 516]
Event: 38.129 Thread 0x00000205d47773b0 Exception <a 'sun/nio/fs/WindowsException'{0x00000000c293a828}> (0x00000000c293a828) 
thrown [s\src\hotspot\share\prims\jni.cpp, line 516]
Event: 38.130 Thread 0x00000205d47773b0 Exception <a 'sun/nio/fs/WindowsException'{0x00000000c293d100}> (0x00000000c293d100) 
thrown [s\src\hotspot\share\prims\jni.cpp, line 516]
Event: 38.131 Thread 0x00000205d47773b0 Exception <a 'sun/nio/fs/WindowsException'{0x00000000c293f9d8}> (0x00000000c293f9d8) 
thrown [s\src\hotspot\share\prims\jni.cpp, line 516]
Event: 38.519 Thread 0x00000205d5a39020 Exception <a 'java/lang/NoSuchMethodError'{0x00000000c3d86c18}: 'int java.lang.invoke.DirectMethodHandle$Holder.invokeStatic(java.lang.Object)'> (0x00000000c3d86c18) 
thrown [s\src\hotspot\share\interpreter\linkResolver.cpp, line 759]
Event: 38.519 Thread 0x00000205d5a39020 Exception <a 'java/lang/NoSuchMethodError'{0x00000000c3d8a2e8}: 'int java.lang.invoke.DirectMethodHandle$Holder.invokeStaticInit(java.lang.Object)'> (0x00000000c3d8a2e8) 
thrown [s\src\hotspot\share\interpreter\linkResolver.cpp, line 759]
Event: 44.107 Thread 0x00000205d542edb0 Exception <a 'java/lang/NoSuchMethodError'{0x00000000cc043b80}: 'java.lang.Object java.lang.invoke.Invokers$Holder.invoke_MT(java.lang.Object, java.lang.Object, java.lang.Object)'> (0x00000000cc043b80) 
thrown [s\src\hotspot\share\interpreter\linkResolver.cpp, line 759]
Event: 45.932 Thread 0x00000205d542edb0 Exception <a 'java/lang/NoSuchMethodError'{0x00000000d0aaad90}: 'java.lang.Object java.lang.invoke.DirectMethodHandle$Holder.newInvokeSpecial(java.lang.Object, java.lang.Object, int)'> (0x00000000d0aaad90) 
thrown [s\src\hotspot\share\interpreter\linkResolver.cpp, line 759]
Event: 46.802 Thread 0x00000205d6109cd0 Exception <a 'java/lang/NoSuchMethodError'{0x00000000cd780e90}: 'void java.lang.invoke.DirectMethodHandle$Holder.invokeVirtual(java.lang.Object, java.lang.Object, java.lang.Object, java.lang.Object)'> (0x00000000cd780e90) 
thrown [s\src\hotspot\share\interpreter\linkResolver.cpp, line 759]
Event: 47.704 Thread 0x00000205d6109cd0 Exception <a 'sun/nio/fs/WindowsException'{0x00000000d06fb8a8}> (0x00000000d06fb8a8) 
thrown [s\src\hotspot\share\prims\jni.cpp, line 516]
Event: 47.730 Thread 0x00000205d6109cd0 Exception <a 'java/lang/NoSuchMethodError'{0x00000000d0061e28}: 'int java.lang.invoke.DirectMethodHandle$Holder.invokeStaticInit(java.lang.Object, java.lang.Object, java.lang.Object, java.lang.Object)'> (0x00000000d0061e28) 
thrown [s\src\hotspot\share\interpreter\linkResolver.cpp, line 759]
Event: 48.349 Thread 0x00000205d610db60 Exception <a 'java/lang/IncompatibleClassChangeError'{0x00000000ce81a138}: Found class java.lang.Object, but interface was expected> (0x00000000ce81a138) 
thrown [s\src\hotspot\share\interpreter\linkResolver.cpp, line 826]

VM Operations (20 events):
Event: 46.993 Executing VM operation: G1CollectForAllocation done
Event: 46.993 Executing VM operation: G1CollectForAllocation
Event: 47.021 Executing VM operation: G1CollectForAllocation done
Event: 47.512 Executing VM operation: HandshakeAllThreads
Event: 47.528 Executing VM operation: HandshakeAllThreads done
Event: 47.530 Executing VM operation: HandshakeAllThreads
Event: 47.544 Executing VM operation: HandshakeAllThreads done
Event: 47.549 Executing VM operation: HandshakeAllThreads
Event: 47.560 Executing VM operation: HandshakeAllThreads done
Event: 47.659 Executing VM operation: G1CollectForAllocation
Event: 47.660 Executing VM operation: G1CollectForAllocation done
Event: 47.660 Executing VM operation: G1CollectForAllocation
Event: 47.685 Executing VM operation: G1CollectForAllocation done
Event: 47.713 Executing VM operation: HandshakeAllThreads
Event: 47.719 Executing VM operation: HandshakeAllThreads done
Event: 48.122 Executing VM operation: G1CollectForAllocation
Event: 48.155 Executing VM operation: G1CollectForAllocation done
Event: 48.586 Executing VM operation: HandshakeAllThreads
Event: 48.604 Executing VM operation: HandshakeAllThreads done
Event: 48.638 Executing VM operation: G1CollectForAllocation

Events (20 events):
Event: 48.635 loading class sun/security/ssl/RSAKeyExchange$RSAKAGenerator
Event: 48.635 loading class sun/security/ssl/RSAKeyExchange$RSAKAGenerator done
Event: 48.635 loading class sun/security/ssl/DHKeyExchange
Event: 48.635 loading class sun/security/ssl/DHKeyExchange done
Event: 48.635 loading class sun/security/ssl/DHKeyExchange$DHEPossessionGenerator
Event: 48.635 loading class sun/security/ssl/DHKeyExchange$DHEPossessionGenerator done
Event: 48.635 loading class sun/security/ssl/DHKeyExchange$DHEKAGenerator
Event: 48.635 loading class sun/security/ssl/DHKeyExchange$DHEKAGenerator done
Event: 48.635 loading class sun/security/ssl/ECDHKeyExchange
Event: 48.636 loading class sun/security/ssl/ECDHKeyExchange done
Event: 48.636 loading class sun/security/ssl/ECDHKeyExchange$ECDHEPossessionGenerator
Event: 48.636 loading class sun/security/ssl/ECDHKeyExchange$ECDHEPossessionGenerator done
Event: 48.636 loading class sun/security/ssl/ECDHKeyExchange$ECDHKAGenerator
Event: 48.636 loading class sun/security/ssl/ECDHKeyExchange$ECDHKAGenerator done
Event: 48.636 loading class sun/security/ssl/ECDHKeyExchange$ECDHEKAGenerator
Event: 48.636 loading class sun/security/ssl/ECDHKeyExchange$ECDHEKAGenerator done
Event: 48.636 loading class sun/security/ssl/ECDHKeyExchange$ECDHEXDHKAGenerator
Event: 48.636 loading class sun/security/ssl/ECDHKeyExchange$ECDHEXDHKAGenerator done
Event: 48.636 loading class sun/security/ssl/XDHKeyExchange$XDHEPossession
Event: 48.636 loading class sun/security/ssl/XDHKeyExchange$XDHEPossession done


Dynamic libraries:
0x00007ff6840d0000 - 0x00007ff6840de000 	c:\Users\no name\.vscode\extensions\redhat.java-1.17.0-win32-x64\jre\17.0.6-win32-x86_64\bin\java.exe
0x00007ffeb36d0000 - 0x00007ffeb38c8000 	C:\WINDOWS\SYSTEM32\ntdll.dll
0x00007ffeb2900000 - 0x00007ffeb29bf000 	C:\WINDOWS\System32\KERNEL32.DLL
0x00007ffeb1270000 - 0x00007ffeb154a000 	C:\WINDOWS\System32\KERNELBASE.dll
0x00007ffeb1020000 - 0x00007ffeb1120000 	C:\WINDOWS\System32\ucrtbase.dll
0x00007ffead9d0000 - 0x00007ffead9e7000 	c:\Users\no name\.vscode\extensions\redhat.java-1.17.0-win32-x64\jre\17.0.6-win32-x86_64\bin\jli.dll
0x00007ffeb3490000 - 0x00007ffeb362d000 	C:\WINDOWS\System32\USER32.dll
0x00007ffeb1660000 - 0x00007ffeb1682000 	C:\WINDOWS\System32\win32u.dll
0x00007ffeb3460000 - 0x00007ffeb348b000 	C:\WINDOWS\System32\GDI32.dll
0x00007ffeb1550000 - 0x00007ffeb1660000 	C:\WINDOWS\System32\gdi32full.dll
0x00007ffeb1690000 - 0x00007ffeb172d000 	C:\WINDOWS\System32\msvcp_win.dll
0x00007ffeae160000 - 0x00007ffeae179000 	c:\Users\no name\.vscode\extensions\redhat.java-1.17.0-win32-x64\jre\17.0.6-win32-x86_64\bin\VCRUNTIME140.dll
0x00007ffe9fae0000 - 0x00007ffe9fd7a000 	C:\WINDOWS\WinSxS\amd64_microsoft.windows.common-controls_6595b64144ccf1df_6.0.19041.1110_none_60b5254171f9507e\COMCTL32.dll
0x00007ffeb30a0000 - 0x00007ffeb313e000 	C:\WINDOWS\System32\msvcrt.dll
0x00007ffeb20a0000 - 0x00007ffeb20d0000 	C:\WINDOWS\System32\IMM32.DLL
0x00007ffeae550000 - 0x00007ffeae55c000 	c:\Users\no name\.vscode\extensions\redhat.java-1.17.0-win32-x64\jre\17.0.6-win32-x86_64\bin\vcruntime140_1.dll
0x00007ffea2710000 - 0x00007ffea27a1000 	c:\Users\no name\.vscode\extensions\redhat.java-1.17.0-win32-x64\jre\17.0.6-win32-x86_64\bin\msvcp140.dll
0x00007ffe867e0000 - 0x00007ffe87427000 	c:\Users\no name\.vscode\extensions\redhat.java-1.17.0-win32-x64\jre\17.0.6-win32-x86_64\bin\server\jvm.dll
0x00007ffeb2e30000 - 0x00007ffeb2ede000 	C:\WINDOWS\System32\ADVAPI32.dll
0x00007ffeb33b0000 - 0x00007ffeb344c000 	C:\WINDOWS\System32\sechost.dll
0x00007ffeb1f10000 - 0x00007ffeb2036000 	C:\WINDOWS\System32\RPCRT4.dll
0x00007ffeaa790000 - 0x00007ffeaa799000 	C:\WINDOWS\SYSTEM32\WSOCK32.dll
0x00007ffeb3140000 - 0x00007ffeb31ab000 	C:\WINDOWS\System32\WS2_32.dll
0x00007ffe9fa20000 - 0x00007ffe9fa47000 	C:\WINDOWS\SYSTEM32\WINMM.dll
0x00007ffea3f30000 - 0x00007ffea3f3a000 	C:\WINDOWS\SYSTEM32\VERSION.dll
0x00007ffeaecc0000 - 0x00007ffeaecd2000 	C:\WINDOWS\SYSTEM32\kernel.appcore.dll
0x00007ffead9c0000 - 0x00007ffead9ca000 	c:\Users\no name\.vscode\extensions\redhat.java-1.17.0-win32-x64\jre\17.0.6-win32-x86_64\bin\jimage.dll
0x00007ffea17e0000 - 0x00007ffea19c4000 	C:\WINDOWS\SYSTEM32\DBGHELP.DLL
0x00007ffea17a0000 - 0x00007ffea17d4000 	C:\WINDOWS\SYSTEM32\dbgcore.DLL
0x00007ffeb0f90000 - 0x00007ffeb1012000 	C:\WINDOWS\System32\bcryptPrimitives.dll
0x00007ffead980000 - 0x00007ffead9a5000 	c:\Users\no name\.vscode\extensions\redhat.java-1.17.0-win32-x64\jre\17.0.6-win32-x86_64\bin\java.dll
0x00007ffead960000 - 0x00007ffead978000 	c:\Users\no name\.vscode\extensions\redhat.java-1.17.0-win32-x64\jre\17.0.6-win32-x86_64\bin\zip.dll
0x00007ffeb21b0000 - 0x00007ffeb28f4000 	C:\WINDOWS\System32\SHELL32.dll
0x00007ffeaeec0000 - 0x00007ffeaf653000 	C:\WINDOWS\SYSTEM32\windows.storage.dll
0x00007ffeb1b30000 - 0x00007ffeb1e84000 	C:\WINDOWS\System32\combase.dll
0x00007ffeb07f0000 - 0x00007ffeb081e000 	C:\WINDOWS\SYSTEM32\Wldp.dll
0x00007ffeb1960000 - 0x00007ffeb1a0d000 	C:\WINDOWS\System32\SHCORE.dll
0x00007ffeb2040000 - 0x00007ffeb2095000 	C:\WINDOWS\System32\shlwapi.dll
0x00007ffeb0d20000 - 0x00007ffeb0d3f000 	C:\WINDOWS\SYSTEM32\profapi.dll
0x00007ffeac910000 - 0x00007ffeac929000 	C:\Users\no name\.vscode\extensions\redhat.java-1.17.0-win32-x64\jre\17.0.6-win32-x86_64\bin\net.dll
0x00007ffea89b0000 - 0x00007ffea8aba000 	C:\WINDOWS\SYSTEM32\WINHTTP.dll
0x00007ffeb0530000 - 0x00007ffeb059a000 	C:\WINDOWS\system32\mswsock.dll
0x00007ffeab290000 - 0x00007ffeab2a5000 	C:\Users\no name\.vscode\extensions\redhat.java-1.17.0-win32-x64\jre\17.0.6-win32-x86_64\bin\nio.dll
0x00007ffeb0720000 - 0x00007ffeb0738000 	C:\WINDOWS\SYSTEM32\CRYPTSP.dll
0x00007ffeafde0000 - 0x00007ffeafe14000 	C:\WINDOWS\system32\rsaenh.dll
0x00007ffeb1120000 - 0x00007ffeb1147000 	C:\WINDOWS\System32\bcrypt.dll
0x00007ffeb0ca0000 - 0x00007ffeb0cce000 	C:\WINDOWS\SYSTEM32\USERENV.dll
0x00007ffeb0740000 - 0x00007ffeb074c000 	C:\WINDOWS\SYSTEM32\CRYPTBASE.dll
0x00007ffeb0220000 - 0x00007ffeb025c000 	C:\WINDOWS\SYSTEM32\IPHLPAPI.DLL
0x00007ffeb33a0000 - 0x00007ffeb33a8000 	C:\WINDOWS\System32\NSI.dll
0x00007ffea8c40000 - 0x00007ffea8c57000 	C:\WINDOWS\SYSTEM32\dhcpcsvc6.DLL
0x00007ffea8d10000 - 0x00007ffea8d2d000 	C:\WINDOWS\SYSTEM32\dhcpcsvc.DLL
0x00007ffeb0260000 - 0x00007ffeb032b000 	C:\WINDOWS\SYSTEM32\DNSAPI.dll
0x00007ffeabf90000 - 0x00007ffeabf99000 	C:\Users\no name\.vscode\extensions\redhat.java-1.17.0-win32-x64\jre\17.0.6-win32-x86_64\bin\management.dll
0x00007ffeaa690000 - 0x00007ffeaa69b000 	C:\Users\no name\.vscode\extensions\redhat.java-1.17.0-win32-x64\jre\17.0.6-win32-x86_64\bin\management_ext.dll
0x00007ffeb3450000 - 0x00007ffeb3458000 	C:\WINDOWS\System32\PSAPI.DLL
0x00007ffeaa680000 - 0x00007ffeaa68e000 	C:\Users\no name\.vscode\extensions\redhat.java-1.17.0-win32-x64\jre\17.0.6-win32-x86_64\bin\sunmscapi.dll
0x00007ffeb0de0000 - 0x00007ffeb0f36000 	C:\WINDOWS\System32\CRYPT32.dll
0x00007ffeb08b0000 - 0x00007ffeb08d8000 	C:\WINDOWS\SYSTEM32\ncrypt.dll
0x00007ffeb0870000 - 0x00007ffeb08ab000 	C:\WINDOWS\SYSTEM32\NTASN1.dll
0x00007ffea7d60000 - 0x00007ffea7d6a000 	C:\Windows\System32\rasadhlp.dll
0x00007ffea7e80000 - 0x00007ffea7f00000 	C:\WINDOWS\System32\fwpuclnt.dll

dbghelp: loaded successfully - version: 4.0.5 - missing functions: none
symbol engine: initialized successfully - sym options: 0x614 - pdb path: .;c:\Users\no name\.vscode\extensions\redhat.java-1.17.0-win32-x64\jre\17.0.6-win32-x86_64\bin;C:\WINDOWS\SYSTEM32;C:\WINDOWS\WinSxS\amd64_microsoft.windows.common-controls_6595b64144ccf1df_6.0.19041.1110_none_60b5254171f9507e;c:\Users\no name\.vscode\extensions\redhat.java-1.17.0-win32-x64\jre\17.0.6-win32-x86_64\bin\server

VM Arguments:
jvm_args: -XX:+HeapDumpOnOutOfMemoryError -Xmx1024m -Dsts.lsp.client=vscode -Dsts.log.file=/dev/null -XX:TieredStopAtLevel=1 -Xlog:jni+resolve=off -Dspring.config.location=file:c:\Users\no name\.vscode\extensions\vmware.vscode-spring-boot-1.45.0\language-server\BOOT-INF\classes\application.properties 
java_command: org.springframework.ide.vscode.boot.app.BootLanguageServerBootApp
java_class_path (initial): c:\Users\no name\.vscode\extensions\vmware.vscode-spring-boot-1.45.0\language-server\BOOT-INF\classes;c:\Users\no name\.vscode\extensions\vmware.vscode-spring-boot-1.45.0\language-server\BOOT-INF\lib\annotations-24.0.1.jar;c:\Users\no name\.vscode\extensions\vmware.vscode-spring-boot-1.45.0\language-server\BOOT-INF\lib\ant-1.10.13.jar;c:\Users\no name\.vscode\extensions\vmware.vscode-spring-boot-1.45.0\language-server\BOOT-INF\lib\ant-launcher-1.10.13.jar;c:\Users\no name\.vscode\extensions\vmware.vscode-spring-boot-1.45.0\language-server\BOOT-INF\lib\antlr-runtime-3.5.3.jar;c:\Users\no name\.vscode\extensions\vmware.vscode-spring-boot-1.45.0\language-server\BOOT-INF\lib\antlr4-4.11.1.jar;c:\Users\no name\.vscode\extensions\vmware.vscode-spring-boot-1.45.0\language-server\BOOT-INF\lib\antlr4-runtime-4.11.1.jar;c:\Users\no name\.vscode\extensions\vmware.vscode-spring-boot-1.45.0\language-server\BOOT-INF\lib\asm-9.4.jar;c:\Users\no name\.vscode\extensions\vmware.vscode-spring-boot-1.45.0\language-server\BOOT-INF\lib\asm-analysis-9.4.jar;c:\Users\no name\.vscode\extensions\vmware.vscode-spring-boot-1.45.0\language-server\BOOT-INF\lib\asm-tree-9.4.jar;c:\Users\no name\.vscode\extensions\vmware.vscode-spring-boot-1.45.0\language-server\BOOT-INF\lib\asm-util-9.4.jar;c:\Users\no name\.vscode\extensions\vmware.vscode-spring-boot-1.45.0\language-server\BOOT-INF\lib\caffeine-3.1.2.jar;c:\Users\no name\.vscode\extensions\vmware.vscode-spring-boot-1.45.0\language-server\BOOT-INF\lib\checker-qual-3.12.0.jar;c:\Users\no name\.vscode\extensions\vmware.vscode-spring-boot-1.45.0\language-server\BOOT-INF\lib\classgraph-4.8.149.jar;c:\Users\no name\.vscode\extensions\vmware.vscode-spring-boot-1.45.0\language-server\BOOT-INF\lib\commons-codec-1.15.jar;c:\Users\no name\.vscode\extensions\vmware.vscode-spring-boot-1.45.0\language-server\BOOT-INF\lib\commons-compress-1.22.jar;c:\Users\no name\.vscode\extensions\vmware.vscode-spring-boot-1.45.0\language-server\
Launcher Type: SUN_STANDARD

[Global flags]
     intx CICompilerCount                          = 2                                         {product} {ergonomic}
     uint ConcGCThreads                            = 1                                         {product} {ergonomic}
     uint G1ConcRefinementThreads                  = 2                                         {product} {ergonomic}
   size_t G1HeapRegionSize                         = 1048576                                   {product} {ergonomic}
    uintx GCDrainStackTargetSize                   = 64                                        {product} {ergonomic}
     bool HeapDumpOnOutOfMemoryError               = true                                   {manageable} {command line}
   size_t InitialHeapSize                          = 65011712                                  {product} {ergonomic}
   size_t MarkStackSize                            = 4194304                                   {product} {ergonomic}
   size_t MaxHeapSize                              = 1073741824                                {product} {command line}
   size_t MaxNewSize                               = 643825664                                 {product} {ergonomic}
   size_t MinHeapDeltaBytes                        = 1048576                                   {product} {ergonomic}
   size_t MinHeapSize                              = 8388608                                   {product} {ergonomic}
    uintx NonProfiledCodeHeapSize                  = 0                                      {pd product} {ergonomic}
     bool ProfileInterpreter                       = false                                  {pd product} {command line}
    uintx ProfiledCodeHeapSize                     = 0                                      {pd product} {ergonomic}
   size_t SoftMaxHeapSize                          = 1073741824                             {manageable} {ergonomic}
     intx TieredStopAtLevel                        = 1                                         {product} {command line}
     bool UseCompressedClassPointers               = true                           {product lp64_product} {ergonomic}
     bool UseCompressedOops                        = true                           {product lp64_product} {ergonomic}
     bool UseG1GC                                  = true                                      {product} {ergonomic}
     bool UseLargePagesIndividualAllocation        = false                                  {pd product} {ergonomic}

Logging:
Log output configuration:
 #0: stdout all=warning,jni+resolve=off uptime,level,tags
 #1: stderr all=off uptime,level,tags

Environment Variables:
JAVA_HOME=C:\Program Files\Java\jdk-17
PATH=C:\Program Files\Common Files\Oracle\Java\javapath;C:\Program Files (x86)\Common Files\Oracle\Java\javapath;C:\WINDOWS\system32;C:\WINDOWS;C:\WINDOWS\System32\Wbem;C:\WINDOWS\System32\WindowsPowerShell\v1.0\;C:\WINDOWS\System32\OpenSSH\;C:\Program Files\Git\cmd;C:\Program Files\nodejs\;C:\Users\no name\AppData\Local\Microsoft\WindowsApps;C:\Users\no name\AppData\Local\Programs\Microsoft VS Code\bin;C:\program files\apache-maven-3.9.1\bin;C:\Program Files\Java\jdk-17\bin;C:\Program Files\Apache Software Foundation\apache-maven-3.5.0\bin;C:\Program Files\nodejs\;C:\Users\no name\AppData\Roaming\npm;
USERNAME=no name
OS=Windows_NT
PROCESSOR_IDENTIFIER=Intel64 Family 6 Model 15 Stepping 11, GenuineIntel
TMP=C:\Users\NONAME~1\AppData\Local\Temp
TEMP=C:\Users\NONAME~1\AppData\Local\Temp



---------------  S Y S T E M  ---------------

OS:
 Windows 10 , 64 bit Build 19041 (10.0.19041.2788)
OS uptime: 0 days 3:15 hours

CPU: total 2 (initial active 2) (2 cores per cpu, 1 threads per core) family 6 model 15 stepping 11 microcode 0xc1, cx8, cmov, fxsr, mmx, sse, sse2, sse3, ssse3, tsc, clflush

Memory: 4k page, system-wide physical 3956M (158M free)
TotalPageFile size 16244M (AvailPageFile size 27M)
current process WorkingSet (physical memory assigned to process): 337M, peak: 337M
current process commit charge ("private bytes"): 414M, peak: 474M

vm_info: OpenJDK 64-Bit Server VM (17.0.6+10) for windows-amd64 JRE (17.0.6+10), built on Jan 18 2023 10:08:59 by "temurin" with MS VC++ 16.7 (VS2019)

END.
